Traceback (most recent call last):
  File "/eos/user/z/zhenxuan/hhwwgg/GluGluToRadionToHHTo2B2G_M-260_2017/job_6/GluGluToRadionToHHTo2B2G_M-260_2017_executable_job6.py", line 4, in <module>
    from higgs_dna.analysis import run_analysis
  File "/afs/cern.ch/user/z/zhenxuan/HiggsDNA/higgs_dna/analysis.py", line 10, in <module>
    import uproot
  File "/eos/user/z/zhenxuan/higgs-dna/lib/python3.10/site-packages/uproot/__init__.py", line 78, in <module>
    import uproot.extras
  File "/eos/user/z/zhenxuan/higgs-dna/lib/python3.10/site-packages/uproot/extras.py", line 15, in <module>
    import pkg_resources
  File "/eos/user/z/zhenxuan/higgs-dna/lib/python3.10/site-packages/pkg_resources/__init__.py", line 3247, in <module>
    def _initialize_master_working_set():
  File "/eos/user/z/zhenxuan/higgs-dna/lib/python3.10/site-packages/pkg_resources/__init__.py", line 3221, in _call_aside
    f(*args, **kwargs)
  File "/eos/user/z/zhenxuan/higgs-dna/lib/python3.10/site-packages/pkg_resources/__init__.py", line 3272, in _initialize_master_working_set
    tuple(
  File "/eos/user/z/zhenxuan/higgs-dna/lib/python3.10/site-packages/pkg_resources/__init__.py", line 3273, in <genexpr>
    dist.activate(replace=False)
  File "/eos/user/z/zhenxuan/higgs-dna/lib/python3.10/site-packages/pkg_resources/__init__.py", line 2789, in activate
    for pkg in self._get_metadata('namespace_packages.txt'):
  File "/eos/user/z/zhenxuan/higgs-dna/lib/python3.10/site-packages/pkg_resources/__init__.py", line 2773, in _get_metadata
    for line in self.get_metadata_lines(name):
  File "/eos/user/z/zhenxuan/higgs-dna/lib/python3.10/site-packages/pkg_resources/__init__.py", line 1428, in get_metadata_lines
    return yield_lines(self.get_metadata(name))
  File "/eos/user/z/zhenxuan/higgs-dna/lib/python3.10/site-packages/pkg_resources/__init__.py", line 1418, in get_metadata
    value = self._get(path)
  File "/eos/user/z/zhenxuan/higgs-dna/lib/python3.10/site-packages/pkg_resources/__init__.py", line 1623, in _get
    return stream.read()
OSError: [Errno 5] Input/output error
