DEBUG    [AnalysisManager : load_events] Loaded 339369 events    analysis.py:476
         from file 'root://cms-xrd-global.cern.ch//store/mc/RunI                
         IFall17NanoAODv7/TTGJets_TuneCP5_13TeV-amcatnloFXFX-mad                
         spin-pythia8/NANOAODSIM/PU2017_12Apr2018_Nano02Apr2020_                
         new_pmx_102X_mc2017_realistic_v8-v1/270000/8AC8F806-C81                
         E-1A42-9582-5691F91D8F54.root'.                                        
INFO     [TagSequence : __init__] Creating tag sequence with  tag_sequence.py:37
         the following tags and priority:                                       
INFO     [TagSequence : __init__] The 0-th tag set has        tag_sequence.py:59
         taggers ['diphoton_tagger'] (listed in order                           
         priority will be given).                                               
INFO     [TagSequence : __init__] The 1-th tag set has        tag_sequence.py:59
         taggers ['my_HHWW_Preselection'] (listed in order                      
         priority will be given).                                               
INFO     For all tags, performing selection on the following  tag_sequence.py:94
         sets of events, each corresponding to a separate                       
         independent collection.                                                
INFO             nominal                                      tag_sequence.py:96
DEBUG    [Tagger] : diphoton_tagger, syst variation : nominal, cut tagger.py:171
         type : photon, cut : pt, efficiency : 0.9976                           
DEBUG    [Tagger] : diphoton_tagger, syst variation : nominal, cut tagger.py:171
         type : photon, cut : eta, efficiency : 0.9377                          
DEBUG    [Tagger] : diphoton_tagger, syst variation : nominal, cut tagger.py:171
         type : photon, cut : e_veto, efficiency : 0.7683                       
DEBUG    [Tagger] : diphoton_tagger, syst variation : nominal, cut tagger.py:171
         type : photon, cut : r9, efficiency : 0.8764                           
DEBUG    [Tagger] : diphoton_tagger, syst variation : nominal, cut tagger.py:171
         type : photon, cut : hoe, efficiency : 0.5752                          
DEBUG    [Tagger] : diphoton_tagger, syst variation : nominal, cut tagger.py:171
         type : photon, cut : hlt, efficiency : 1.0000                          
DEBUG    [Tagger] : diphoton_tagger, syst variation : nominal, cut tagger.py:171
         type : photon, cut : all, efficiency : 0.3261                          
DEBUG    [Tagger] : diphoton_tagger, syst variation : nominal, cut tagger.py:171
         type : diphoton, cut : lead pt cut, efficiency : 0.5730                
DEBUG    [Tagger] : diphoton_tagger, syst variation : nominal, cut tagger.py:171
         type : diphoton, cut : lead pt mgg cut, efficiency :                   
         0.9743                                                                 
DEBUG    [Tagger] : diphoton_tagger, syst variation : nominal, cut tagger.py:171
         type : diphoton, cut : sublead pt mgg cut, efficiency :                
         0.7753                                                                 
DEBUG    [Tagger] : diphoton_tagger, syst variation : nominal, cut tagger.py:171
         type : diphoton, cut : mass cut, efficiency : 0.1196                   
DEBUG    [Tagger] : diphoton_tagger, syst variation : nominal, cut tagger.py:171
         type : diphoton, cut : all cuts, efficiency : 0.0444                   
DEBUG    [DiphotonTagger : produce_and_select_diphotons]  diphoton_tagger.py:190
         diphoton_tagger, selecting the highest pt_sum                          
         diphoton pair from each event.                                         
DEBUG    [DiphotonTagger : produce_and_select_diphotons]  diphoton_tagger.py:196
         diphoton_tagger, syst variation : nominal.                             
         Number of total diphoton candidates: 2362,                             
         number of diphoton candidates after selecting                          
         candidate with highest pt sum in each event:                           
         2267 (4.02 percent of diphoton events removed).                        
DEBUG    [Tagger] : diphoton_tagger, syst variation : nominal, cut tagger.py:171
         type : event, cut : At least 1 diphoton pair, efficiency               
         : 0.0067                                                               
DEBUG    [Tagger] : diphoton_tagger, syst variation : nominal, cut tagger.py:171
         type : event, cut : HLT Trigger, efficiency : 1.0000                   
DEBUG    [Tagger] : diphoton_tagger, syst variation : nominal, cut tagger.py:171
         type : event, cut : all, efficiency : 0.0067                           
DEBUG    [DiphotonTagger] diphoton_tagger, syst variation diphoton_tagger.py:236
         : nominal, total time to execute                                       
         select_diphotons: 1.555866 s                                           
DEBUG    [Tagger] diphoton_tagger : event set : nominal : 339369    tagger.py:68
         (2267) events before (after) selection                                 
DEBUG    [select_objects] : Tagger                       object_selections.py:22
         'my_HHWW_Preselection', selecting objects                              
         'SelectedElectron', with the following                                 
         requirements:                                                          
DEBUG             'pt' : 20.0                            object_selections.py:24
DEBUG             'eta' : 2.4                            object_selections.py:24
DEBUG             'dxy' : 0.045                          object_selections.py:24
DEBUG             'dz' : 0.2                             object_selections.py:24
DEBUG             'id' : WP90                            object_selections.py:24
DEBUG             'dr_photons' : 0.2                     object_selections.py:24
DEBUG             'veto_transition' : True               object_selections.py:24
DEBUG    [select_objects] : Tagger                       object_selections.py:27
         'my_HHWW_Preselection', cross-cleaning objects                         
         'SelectedElectron' with respect to the                                 
         following sets of objects:                                             
DEBUG             'photons', dR > 0.20                   object_selections.py:29
DEBUG    [Tagger] : my_HHWW_Preselection, syst variation :         tagger.py:171
         nominal, cut type : SelectedElectron, cut : pt > 20.0000,              
         efficiency : 0.4257                                                    
DEBUG    [Tagger] : my_HHWW_Preselection, syst variation :         tagger.py:171
         nominal, cut type : SelectedElectron, cut : |eta| <                    
         2.4000, efficiency : 0.9816                                            
DEBUG    [Tagger] : my_HHWW_Preselection, syst variation :         tagger.py:171
         nominal, cut type : SelectedElectron, cut : |dxy| <                    
         0.0450, efficiency : 0.8465                                            
DEBUG    [Tagger] : my_HHWW_Preselection, syst variation :         tagger.py:171
         nominal, cut type : SelectedElectron, cut : |dz| <                     
         0.2000, efficiency : 0.8632                                            
DEBUG    [Tagger] : my_HHWW_Preselection, syst variation :         tagger.py:171
         nominal, cut type : SelectedElectron, cut : dR with                    
         'photons' > 0.20, efficiency : 0.8550                                  
DEBUG    [Tagger] : my_HHWW_Preselection, syst variation :         tagger.py:171
         nominal, cut type : SelectedElectron, cut : standard                   
         object cuts, efficiency : 0.2932                                       
DEBUG    [Tagger] : my_HHWW_Preselection, syst variation :         tagger.py:171
         nominal, cut type : SelectedElectron, cut : id cut,                    
         efficiency : 0.1570                                                    
DEBUG    [Tagger] : my_HHWW_Preselection, syst variation :         tagger.py:171
         nominal, cut type : SelectedElectron, cut : ee-eb                      
         transition, efficiency : 0.9755                                        
DEBUG    [Tagger] : my_HHWW_Preselection, syst variation :         tagger.py:171
         nominal, cut type : SelectedElectron, cut : all cuts,                  
         efficiency : 0.0971                                                    
DEBUG    [select_objects] : Tagger                       object_selections.py:22
         'my_HHWW_Preselection', selecting objects                              
         'SelectedMuon', with the following                                     
         requirements:                                                          
DEBUG             'pt' : 21.0                            object_selections.py:24
DEBUG             'eta' : 2.5                            object_selections.py:24
DEBUG             'dxy' : 0.045                          object_selections.py:24
DEBUG             'dz' : 0.2                             object_selections.py:24
DEBUG             'id' : medium                          object_selections.py:24
DEBUG             'pfRelIso03_all' : 0.3                 object_selections.py:24
DEBUG             'dr_photons' : 0.2                     object_selections.py:24
DEBUG             'global' : True                        object_selections.py:24
DEBUG    [select_objects] : Tagger                       object_selections.py:27
         'my_HHWW_Preselection', cross-cleaning objects                         
         'SelectedMuon' with respect to the following                           
         sets of objects:                                                       
DEBUG             'photons', dR > 0.20                   object_selections.py:29
DEBUG    [Tagger] : my_HHWW_Preselection, syst variation :         tagger.py:171
         nominal, cut type : SelectedMuon, cut : pt > 21.0000,                  
         efficiency : 0.3042                                                    
DEBUG    [Tagger] : my_HHWW_Preselection, syst variation :         tagger.py:171
         nominal, cut type : SelectedMuon, cut : |eta| < 2.5000,                
         efficiency : 1.0000                                                    
DEBUG    [Tagger] : my_HHWW_Preselection, syst variation :         tagger.py:171
         nominal, cut type : SelectedMuon, cut : |dxy| < 0.0450,                
         efficiency : 0.8668                                                    
DEBUG    [Tagger] : my_HHWW_Preselection, syst variation :         tagger.py:171
         nominal, cut type : SelectedMuon, cut : |dz| < 0.2000,                 
         efficiency : 0.8502                                                    
DEBUG    [Tagger] : my_HHWW_Preselection, syst variation :         tagger.py:171
         nominal, cut type : SelectedMuon, cut : pfRelIso03_all <               
         0.3000, efficiency : 0.3379                                            
DEBUG    [Tagger] : my_HHWW_Preselection, syst variation :         tagger.py:171
         nominal, cut type : SelectedMuon, cut : dR with 'photons'              
         > 0.20, efficiency : 0.9365                                            
DEBUG    [Tagger] : my_HHWW_Preselection, syst variation :         tagger.py:171
         nominal, cut type : SelectedMuon, cut : standard object                
         cuts, efficiency : 0.1835                                              
DEBUG    [Tagger] : my_HHWW_Preselection, syst variation :         tagger.py:171
         nominal, cut type : SelectedMuon, cut : id cut,                        
         efficiency : 0.7284                                                    
DEBUG    [Tagger] : my_HHWW_Preselection, syst variation :         tagger.py:171
         nominal, cut type : SelectedMuon, cut : global_muon cut,               
         efficiency : 0.7942                                                    
DEBUG    [Tagger] : my_HHWW_Preselection, syst variation :         tagger.py:171
         nominal, cut type : SelectedMuon, cut : all cuts,                      
         efficiency : 0.1801                                                    
DEBUG    [select_objects] : Tagger                       object_selections.py:22
         'my_HHWW_Preselection', selecting objects                              
         'SelectedFatJet', with the following                                   
         requirements:                                                          
DEBUG             'pt' : 200.0                           object_selections.py:24
DEBUG             'eta' : 2.4                            object_selections.py:24
DEBUG    [select_objects] : Tagger                       object_selections.py:27
         'my_HHWW_Preselection', cross-cleaning objects                         
         'SelectedFatJet' with respect to the following                         
         sets of objects:                                                       
DEBUG             'photons', dR > 0.40                   object_selections.py:29
DEBUG             'electrons', dR > 0.40                 object_selections.py:29
DEBUG             'muons', dR > 0.40                     object_selections.py:29
DEBUG    [Tagger] : my_HHWW_Preselection, syst variation :         tagger.py:171
         nominal, cut type : SelectedFatJet, cut : pt > 200.0000,               
         efficiency : 0.7234                                                    
DEBUG    [Tagger] : my_HHWW_Preselection, syst variation :         tagger.py:171
         nominal, cut type : SelectedFatJet, cut : |eta| < 2.4000,              
         efficiency : 0.9792                                                    
DEBUG    [Tagger] : my_HHWW_Preselection, syst variation :         tagger.py:171
         nominal, cut type : SelectedFatJet, cut : dR with                      
         'photons' > 0.40, efficiency : 0.6801                                  
DEBUG    [Tagger] : my_HHWW_Preselection, syst variation :         tagger.py:171
         nominal, cut type : SelectedFatJet, cut : dR with                      
         'electrons' > 0.40, efficiency : 0.9786                                
DEBUG    [Tagger] : my_HHWW_Preselection, syst variation :         tagger.py:171
         nominal, cut type : SelectedFatJet, cut : dR with 'muons'              
         > 0.40, efficiency : 0.9740                                            
DEBUG    [Tagger] : my_HHWW_Preselection, syst variation :         tagger.py:171
         nominal, cut type : SelectedFatJet, cut : all cuts,                    
         efficiency : 0.4630                                                    
DEBUG    [select_objects] : Tagger                       object_selections.py:22
         'my_HHWW_Preselection', selecting objects                              
         'SelectedJet', with the following requirements:                        
DEBUG             'pt' : 20.0                            object_selections.py:24
DEBUG             'eta' : 2.4                            object_selections.py:24
DEBUG    [select_objects] : Tagger                       object_selections.py:27
         'my_HHWW_Preselection', cross-cleaning objects                         
         'SelectedJet' with respect to the following                            
         sets of objects:                                                       
DEBUG             'photons', dR > 0.40                   object_selections.py:29
DEBUG             'electrons', dR > 0.40                 object_selections.py:29
DEBUG             'muons', dR > 0.40                     object_selections.py:29
DEBUG    [Tagger] : my_HHWW_Preselection, syst variation :         tagger.py:171
         nominal, cut type : SelectedJet, cut : pt > 20.0000,                   
         efficiency : 0.7812                                                    
DEBUG    [Tagger] : my_HHWW_Preselection, syst variation :         tagger.py:171
         nominal, cut type : SelectedJet, cut : |eta| < 2.4000,                 
         efficiency : 0.7955                                                    
DEBUG    [Tagger] : my_HHWW_Preselection, syst variation :         tagger.py:171
         nominal, cut type : SelectedJet, cut : dR with 'photons'               
         > 0.40, efficiency : 0.8109                                            
DEBUG    [Tagger] : my_HHWW_Preselection, syst variation :         tagger.py:171
         nominal, cut type : SelectedJet, cut : dR with                         
         'electrons' > 0.40, efficiency : 0.9886                                
DEBUG    [Tagger] : my_HHWW_Preselection, syst variation :         tagger.py:171
         nominal, cut type : SelectedJet, cut : dR with 'muons' >               
         0.40, efficiency : 0.9869                                              
DEBUG    [Tagger] : my_HHWW_Preselection, syst variation :         tagger.py:171
         nominal, cut type : SelectedJet, cut : all cuts,                       
         efficiency : 0.4685                                                    
DEBUG    [Tagger] : my_HHWW_Preselection, syst variation :         tagger.py:171
         nominal, cut type : event, cut : Photon Selection,                     
         efficiency : 0.3405                                                    
DEBUG    [Tagger] : my_HHWW_Preselection, syst variation :         tagger.py:171
         nominal, cut type : event, cut : Lepton Selection,                     
         efficiency : 0.2550                                                    
DEBUG    [Tagger] : my_HHWW_Preselection, syst variation :         tagger.py:171
         nominal, cut type : event, cut : OnlyFourJet_category,                 
         efficiency : 0.2197                                                    
DEBUG    [Tagger] my_HHWW_Preselection : event set : nominal : 2267 tagger.py:68
         (498) events before (after) selection                                  
WARNING  [AnalysisManager : write_events] Branch                 analysis.py:512
         'fatjet_1_particleNetMD_QCD' was not found in events                   
         array. This may be expected (e.g. gen info for a data                  
         file), but please ensure this makes sense to you.                      
WARNING  [AnalysisManager : write_events] Branch                 analysis.py:512
         'fatjet_1_particleNetMD_Xbb' was not found in events                   
         array. This may be expected (e.g. gen info for a data                  
         file), but please ensure this makes sense to you.                      
WARNING  [AnalysisManager : write_events] Branch                 analysis.py:512
         'fatjet_1_particleNetMD_Xcc' was not found in events                   
         array. This may be expected (e.g. gen info for a data                  
         file), but please ensure this makes sense to you.                      
WARNING  [AnalysisManager : write_events] Branch                 analysis.py:512
         'fatjet_1_particleNetMD_Xqq' was not found in events                   
         array. This may be expected (e.g. gen info for a data                  
         file), but please ensure this makes sense to you.                      
WARNING  [AnalysisManager : write_events] Branch                 analysis.py:512
         'fatjet_1_particleNet_H4qvsQCD' was not found in events                
         array. This may be expected (e.g. gen info for a data                  
         file), but please ensure this makes sense to you.                      
WARNING  [AnalysisManager : write_events] Branch                 analysis.py:512
         'fatjet_1_particleNet_HbbvsQCD' was not found in events                
         array. This may be expected (e.g. gen info for a data                  
         file), but please ensure this makes sense to you.                      
WARNING  [AnalysisManager : write_events] Branch                 analysis.py:512
         'fatjet_1_particleNet_HccvsQCD' was not found in events                
         array. This may be expected (e.g. gen info for a data                  
         file), but please ensure this makes sense to you.                      
WARNING  [AnalysisManager : write_events] Branch                 analysis.py:512
         'fatjet_1_particleNet_QCD' was not found in events                     
         array. This may be expected (e.g. gen info for a data                  
         file), but please ensure this makes sense to you.                      
WARNING  [AnalysisManager : write_events] Branch                 analysis.py:512
         'fatjet_1_particleNet_TvsQCD' was not found in events                  
         array. This may be expected (e.g. gen info for a data                  
         file), but please ensure this makes sense to you.                      
WARNING  [AnalysisManager : write_events] Branch                 analysis.py:512
         'fatjet_1_particleNet_WvsQCD' was not found in events                  
         array. This may be expected (e.g. gen info for a data                  
         file), but please ensure this makes sense to you.                      
WARNING  [AnalysisManager : write_events] Branch                 analysis.py:512
         'fatjet_1_particleNet_ZvsQCD' was not found in events                  
         array. This may be expected (e.g. gen info for a data                  
         file), but please ensure this makes sense to you.                      
WARNING  [AnalysisManager : write_events] Branch                 analysis.py:512
         'fatjet_2_particleNetMD_QCD' was not found in events                   
         array. This may be expected (e.g. gen info for a data                  
         file), but please ensure this makes sense to you.                      
WARNING  [AnalysisManager : write_events] Branch                 analysis.py:512
         'fatjet_2_particleNetMD_Xbb' was not found in events                   
         array. This may be expected (e.g. gen info for a data                  
         file), but please ensure this makes sense to you.                      
WARNING  [AnalysisManager : write_events] Branch                 analysis.py:512
         'fatjet_2_particleNetMD_Xcc' was not found in events                   
         array. This may be expected (e.g. gen info for a data                  
         file), but please ensure this makes sense to you.                      
WARNING  [AnalysisManager : write_events] Branch                 analysis.py:512
         'fatjet_2_particleNetMD_Xqq' was not found in events                   
         array. This may be expected (e.g. gen info for a data                  
         file), but please ensure this makes sense to you.                      
WARNING  [AnalysisManager : write_events] Branch                 analysis.py:512
         'fatjet_2_particleNet_H4qvsQCD' was not found in events                
         array. This may be expected (e.g. gen info for a data                  
         file), but please ensure this makes sense to you.                      
WARNING  [AnalysisManager : write_events] Branch                 analysis.py:512
         'fatjet_2_particleNet_HbbvsQCD' was not found in events                
         array. This may be expected (e.g. gen info for a data                  
         file), but please ensure this makes sense to you.                      
WARNING  [AnalysisManager : write_events] Branch                 analysis.py:512
         'fatjet_2_particleNet_HccvsQCD' was not found in events                
         array. This may be expected (e.g. gen info for a data                  
         file), but please ensure this makes sense to you.                      
WARNING  [AnalysisManager : write_events] Branch                 analysis.py:512
         'fatjet_2_particleNet_QCD' was not found in events                     
         array. This may be expected (e.g. gen info for a data                  
         file), but please ensure this makes sense to you.                      
WARNING  [AnalysisManager : write_events] Branch                 analysis.py:512
         'fatjet_2_particleNet_TvsQCD' was not found in events                  
         array. This may be expected (e.g. gen info for a data                  
         file), but please ensure this makes sense to you.                      
WARNING  [AnalysisManager : write_events] Branch                 analysis.py:512
         'fatjet_2_particleNet_WvsQCD' was not found in events                  
         array. This may be expected (e.g. gen info for a data                  
         file), but please ensure this makes sense to you.                      
WARNING  [AnalysisManager : write_events] Branch                 analysis.py:512
         'fatjet_2_particleNet_ZvsQCD' was not found in events                  
         array. This may be expected (e.g. gen info for a data                  
         file), but please ensure this makes sense to you.                      
WARNING  [AnalysisManager : write_events] Branch                 analysis.py:512
         'fatjet_3_particleNetMD_QCD' was not found in events                   
         array. This may be expected (e.g. gen info for a data                  
         file), but please ensure this makes sense to you.                      
WARNING  [AnalysisManager : write_events] Branch                 analysis.py:512
         'fatjet_3_particleNetMD_Xbb' was not found in events                   
         array. This may be expected (e.g. gen info for a data                  
         file), but please ensure this makes sense to you.                      
WARNING  [AnalysisManager : write_events] Branch                 analysis.py:512
         'fatjet_3_particleNetMD_Xcc' was not found in events                   
         array. This may be expected (e.g. gen info for a data                  
         file), but please ensure this makes sense to you.                      
WARNING  [AnalysisManager : write_events] Branch                 analysis.py:512
         'fatjet_3_particleNetMD_Xqq' was not found in events                   
         array. This may be expected (e.g. gen info for a data                  
         file), but please ensure this makes sense to you.                      
WARNING  [AnalysisManager : write_events] Branch                 analysis.py:512
         'fatjet_3_particleNet_H4qvsQCD' was not found in events                
         array. This may be expected (e.g. gen info for a data                  
         file), but please ensure this makes sense to you.                      
WARNING  [AnalysisManager : write_events] Branch                 analysis.py:512
         'fatjet_3_particleNet_HbbvsQCD' was not found in events                
         array. This may be expected (e.g. gen info for a data                  
         file), but please ensure this makes sense to you.                      
WARNING  [AnalysisManager : write_events] Branch                 analysis.py:512
         'fatjet_3_particleNet_HccvsQCD' was not found in events                
         array. This may be expected (e.g. gen info for a data                  
         file), but please ensure this makes sense to you.                      
WARNING  [AnalysisManager : write_events] Branch                 analysis.py:512
         'fatjet_3_particleNet_QCD' was not found in events                     
         array. This may be expected (e.g. gen info for a data                  
         file), but please ensure this makes sense to you.                      
WARNING  [AnalysisManager : write_events] Branch                 analysis.py:512
         'fatjet_3_particleNet_TvsQCD' was not found in events                  
         array. This may be expected (e.g. gen info for a data                  
         file), but please ensure this makes sense to you.                      
WARNING  [AnalysisManager : write_events] Branch                 analysis.py:512
         'fatjet_3_particleNet_WvsQCD' was not found in events                  
         array. This may be expected (e.g. gen info for a data                  
         file), but please ensure this makes sense to you.                      
WARNING  [AnalysisManager : write_events] Branch                 analysis.py:512
         'fatjet_3_particleNet_ZvsQCD' was not found in events                  
         array. This may be expected (e.g. gen info for a data                  
         file), but please ensure this makes sense to you.                      
DEBUG    [AnalysisManager : write_events] Writing output file '/ analysis.py:523
         eos/user/z/zhenxuan/hhwwgg/TTGJets_2017/job_33/output_j                
         ob_33_nominal.parquet'.                                                
