DEBUG    [AnalysisManager : load_events] Loaded 1138400 events   analysis.py:476
         from file 'root://cms-xrd-global.cern.ch//store/data/Ru                
         n2017C/DoubleEG/NANOAOD/02Apr2020-v1/20000/12D6ADF6-D2C                
         B-9047-AAA0-2B2ECC6BDC78.root'.                                        
DEBUG    [AnalysisManager : load_events] Loaded 488478 events    analysis.py:476
         from file 'root://cms-xrd-global.cern.ch//store/data/Ru                
         n2017C/DoubleEG/NANOAOD/02Apr2020-v1/20000/37307D46-0E3                
         3-7145-809B-E0246E1935F1.root'.                                        
DEBUG    [AnalysisManager : load_events] Loaded 602924 events    analysis.py:476
         from file 'root://cms-xrd-global.cern.ch//store/data/Ru                
         n2017C/DoubleEG/NANOAOD/02Apr2020-v1/20000/49108A90-3F7                
         2-4345-9D09-8CD959352522.root'.                                        
DEBUG    [AnalysisManager : load_events] Loaded 11407 events     analysis.py:476
         from file 'root://cms-xrd-global.cern.ch//store/data/Ru                
         n2017C/DoubleEG/NANOAOD/02Apr2020-v1/20000/6CF050D9-740                
         3-D743-880A-94E3BC84BB7B.root'.                                        
DEBUG    [AnalysisManager : load_events] Loaded 1385216 events   analysis.py:476
         from file 'root://cms-xrd-global.cern.ch//store/data/Ru                
         n2017C/DoubleEG/NANOAOD/02Apr2020-v1/20000/B2FF6FBE-DDA                
         E-E947-B5CD-180EB53956BC.root'.                                        
DEBUG    [AnalysisManager : load_events] Loaded 67343 events     analysis.py:476
         from file 'root://cms-xrd-global.cern.ch//store/data/Ru                
         n2017C/DoubleEG/NANOAOD/02Apr2020-v1/20000/F1B1924C-FBA                
         4-D94D-AE12-DE93DB3D5FFA.root'.                                        
DEBUG    [AnalysisManager : load_events] Loaded 785041 events    analysis.py:476
         from file 'root://cms-xrd-global.cern.ch//store/data/Ru                
         n2017C/DoubleEG/NANOAOD/02Apr2020-v1/30000/046BD3A0-DE8                
         1-4348-BAAF-F81054971D7C.root'.                                        
DEBUG    [AnalysisManager : load_events] Loaded 954898 events    analysis.py:476
         from file 'root://cms-xrd-global.cern.ch//store/data/Ru                
         n2017C/DoubleEG/NANOAOD/02Apr2020-v1/30000/11E8BF79-FF5                
         5-184F-A002-78CEFC3C63F6.root'.                                        
DEBUG    [AnalysisManager : load_events] Loaded 848690 events    analysis.py:476
         from file 'root://cms-xrd-global.cern.ch//store/data/Ru                
         n2017C/DoubleEG/NANOAOD/02Apr2020-v1/30000/247D99E2-C96                
         8-984E-8452-7D0891217581.root'.                                        
DEBUG    [AnalysisManager : load_events] Loaded 1301332 events   analysis.py:476
         from file 'root://cms-xrd-global.cern.ch//store/data/Ru                
         n2017C/DoubleEG/NANOAOD/02Apr2020-v1/30000/2D336342-50C                
         7-A046-8CD6-F77C5FDF041E.root'.                                        
INFO     [TagSequence : __init__] Creating tag sequence with  tag_sequence.py:37
         the following tags and priority:                                       
