DEBUG    [AnalysisManager : load_events] Loaded 886863 events    analysis.py:476
         from file 'root://cms-xrd-global.cern.ch//store/data/Ru                
         n2017B/DoubleEG/NANOAOD/02Apr2020-v1/30000/2CB5CB8E-7EA                
         0-0D46-8919-EB5AEFA8802B.root'.                                        
DEBUG    [AnalysisManager : load_events] Loaded 1375123 events   analysis.py:476
         from file 'root://cms-xrd-global.cern.ch//store/data/Ru                
         n2017B/DoubleEG/NANOAOD/02Apr2020-v1/30000/36FDF8FA-4FB                
         B-3348-B321-82501C1E543B.root'.                                        
DEBUG    [AnalysisManager : load_events] Loaded 1792553 events   analysis.py:476
         from file 'root://cms-xrd-global.cern.ch//store/data/Ru                
         n2017B/DoubleEG/NANOAOD/02Apr2020-v1/30000/3A884F7F-DB0                
         0-BC47-8A58-861E200FB336.root'.                                        
DEBUG    [AnalysisManager : load_events] Loaded 1763882 events   analysis.py:476
         from file 'root://cms-xrd-global.cern.ch//store/data/Ru                
         n2017B/DoubleEG/NANOAOD/02Apr2020-v1/30000/3B2556A9-AFA                
         3-F842-B34A-F8BF1C0870BD.root'.                                        
DEBUG    [AnalysisManager : load_events] Loaded 1430227 events   analysis.py:476
         from file 'root://cms-xrd-global.cern.ch//store/data/Ru                
         n2017B/DoubleEG/NANOAOD/02Apr2020-v1/30000/3BB65B1F-06A                
         4-164B-9D01-6EFB431C3B6B.root'.                                        
DEBUG    [AnalysisManager : load_events] Loaded 303796 events    analysis.py:476
         from file 'root://cms-xrd-global.cern.ch//store/data/Ru                
         n2017B/DoubleEG/NANOAOD/02Apr2020-v1/30000/413C9AD9-FE4                
         E-1742-8C5D-D49378D89142.root'.                                        
DEBUG    [AnalysisManager : load_events] Loaded 1372628 events   analysis.py:476
         from file 'root://cms-xrd-global.cern.ch//store/data/Ru                
         n2017B/DoubleEG/NANOAOD/02Apr2020-v1/30000/415716ED-5E4                
         3-594E-A85B-93A62A7C3A0E.root'.                                        
DEBUG    [AnalysisManager : load_events] Loaded 508943 events    analysis.py:476
         from file 'root://cms-xrd-global.cern.ch//store/data/Ru                
         n2017B/DoubleEG/NANOAOD/02Apr2020-v1/30000/46A0EE86-F04                
         B-A241-8895-50E7337EB79D.root'.                                        
DEBUG    [AnalysisManager : load_events] Loaded 614993 events    analysis.py:476
         from file 'root://cms-xrd-global.cern.ch//store/data/Ru                
         n2017B/DoubleEG/NANOAOD/02Apr2020-v1/30000/4DE0CA15-C31                
         9-6247-88F9-B083345C9CC6.root'.                                        
DEBUG    [AnalysisManager : load_events] Loaded 1778782 events   analysis.py:476
         from file 'root://cms-xrd-global.cern.ch//store/data/Ru                
         n2017B/DoubleEG/NANOAOD/02Apr2020-v1/30000/4F190793-688                
         9-6444-A848-C68E7C30F972.root'.                                        
INFO     [TagSequence : __init__] Creating tag sequence with  tag_sequence.py:37
         the following tags and priority:                                       
INFO     [TagSequence : __init__] The 0-th tag set has        tag_sequence.py:59
         taggers ['diphoton_tagger'] (listed in order                           
         priority will be given).                                               
INFO     [TagSequence : __init__] The 1-th tag set has        tag_sequence.py:59
         taggers ['my_HHWW_Preselection'] (listed in order                      
         priority will be given).                                               
INFO     For all tags, performing selection on the following  tag_sequence.py:94
         sets of events, each corresponding to a separate                       
         independent collection.                                                
INFO             nominal                                      tag_sequence.py:96
DEBUG    [Tagger] : diphoton_tagger, syst variation : nominal, cut tagger.py:171
         type : photon, cut : pt, efficiency : 0.9995                           
DEBUG    [Tagger] : diphoton_tagger, syst variation : nominal, cut tagger.py:171
         type : photon, cut : eta, efficiency : 0.9209                          
DEBUG    [Tagger] : diphoton_tagger, syst variation : nominal, cut tagger.py:171
         type : photon, cut : e_veto, efficiency : 0.6876                       
DEBUG    [Tagger] : diphoton_tagger, syst variation : nominal, cut tagger.py:171
         type : photon, cut : r9, efficiency : 0.9300                           
DEBUG    [Tagger] : diphoton_tagger, syst variation : nominal, cut tagger.py:171
         type : photon, cut : hoe, efficiency : 0.7690                          
DEBUG    [Tagger] : diphoton_tagger, syst variation : nominal, cut tagger.py:171
         type : photon, cut : hlt, efficiency : 1.0000                          
DEBUG    [Tagger] : diphoton_tagger, syst variation : nominal, cut tagger.py:171
         type : photon, cut : all, efficiency : 0.3204                          
DEBUG    [Tagger] : diphoton_tagger, syst variation : nominal, cut tagger.py:171
         type : diphoton, cut : lead pt cut, efficiency : 0.7635                
DEBUG    [Tagger] : diphoton_tagger, syst variation : nominal, cut tagger.py:171
         type : diphoton, cut : lead pt mgg cut, efficiency :                   
         0.9242                                                                 
DEBUG    [Tagger] : diphoton_tagger, syst variation : nominal, cut tagger.py:171
         type : diphoton, cut : sublead pt mgg cut, efficiency :                
         0.7836                                                                 
DEBUG    [Tagger] : diphoton_tagger, syst variation : nominal, cut tagger.py:171
         type : diphoton, cut : mass cut, efficiency : 0.2379                   
DEBUG    [Tagger] : diphoton_tagger, syst variation : nominal, cut tagger.py:171
         type : diphoton, cut : all cuts, efficiency : 0.1258                   
DEBUG    [DiphotonTagger : produce_and_select_diphotons]  diphoton_tagger.py:190
         diphoton_tagger, selecting the highest pt_sum                          
         diphoton pair from each event.                                         
DEBUG    [DiphotonTagger : produce_and_select_diphotons]  diphoton_tagger.py:196
         diphoton_tagger, syst variation : nominal.                             
         Number of total diphoton candidates: 299680,                           
         number of diphoton candidates after selecting                          
         candidate with highest pt sum in each event:                           
         291692 (2.67 percent of diphoton events                                
         removed).                                                              
DEBUG    [Tagger] : diphoton_tagger, syst variation : nominal, cut tagger.py:171
         type : event, cut : At least 1 diphoton pair, efficiency               
         : 0.0247                                                               
DEBUG    [Tagger] : diphoton_tagger, syst variation : nominal, cut tagger.py:171
         type : event, cut : HLT Trigger, efficiency : 0.5270                   
DEBUG    [Tagger] : diphoton_tagger, syst variation : nominal, cut tagger.py:171
         type : event, cut : all, efficiency : 0.5270                           
DEBUG    [DiphotonTagger] diphoton_tagger, syst variation diphoton_tagger.py:236
         : nominal, total time to execute                                       
         select_diphotons: 21.913870 s                                          
DEBUG    [Tagger] diphoton_tagger : event set : nominal : 11827790  tagger.py:68
         (153727) events before (after) selection                               
DEBUG    [select_objects] : Tagger                       object_selections.py:22
         'my_HHWW_Preselection', selecting objects                              
         'SelectedElectron', with the following                                 
         requirements:                                                          
DEBUG             'pt' : 20.0                            object_selections.py:24
DEBUG             'eta' : 2.4                            object_selections.py:24
DEBUG             'dxy' : 0.045                          object_selections.py:24
DEBUG             'dz' : 0.2                             object_selections.py:24
DEBUG             'id' : WP90                            object_selections.py:24
DEBUG             'dr_photons' : 0.2                     object_selections.py:24
DEBUG             'veto_transition' : True               object_selections.py:24
DEBUG    [select_objects] : Tagger                       object_selections.py:27
         'my_HHWW_Preselection', cross-cleaning objects                         
         'SelectedElectron' with respect to the                                 
         following sets of objects:                                             
DEBUG             'photons', dR > 0.20                   object_selections.py:29
DEBUG    [Tagger] : my_HHWW_Preselection, syst variation :         tagger.py:171
         nominal, cut type : SelectedElectron, cut : pt > 20.0000,              
         efficiency : 0.3451                                                    
DEBUG    [Tagger] : my_HHWW_Preselection, syst variation :         tagger.py:171
         nominal, cut type : SelectedElectron, cut : |eta| <                    
         2.4000, efficiency : 0.9722                                            
DEBUG    [Tagger] : my_HHWW_Preselection, syst variation :         tagger.py:171
         nominal, cut type : SelectedElectron, cut : |dxy| <                    
         0.0450, efficiency : 0.7357                                            
DEBUG    [Tagger] : my_HHWW_Preselection, syst variation :         tagger.py:171
         nominal, cut type : SelectedElectron, cut : |dz| <                     
         0.2000, efficiency : 0.6996                                            
DEBUG    [Tagger] : my_HHWW_Preselection, syst variation :         tagger.py:171
         nominal, cut type : SelectedElectron, cut : dR with                    
         'photons' > 0.20, efficiency : 0.5214                                  
DEBUG    [Tagger] : my_HHWW_Preselection, syst variation :         tagger.py:171
         nominal, cut type : SelectedElectron, cut : standard                   
         object cuts, efficiency : 0.0530                                       
DEBUG    [Tagger] : my_HHWW_Preselection, syst variation :         tagger.py:171
         nominal, cut type : SelectedElectron, cut : id cut,                    
         efficiency : 0.0243                                                    
DEBUG    [Tagger] : my_HHWW_Preselection, syst variation :         tagger.py:171
         nominal, cut type : SelectedElectron, cut : ee-eb                      
         transition, efficiency : 0.9806                                        
DEBUG    [Tagger] : my_HHWW_Preselection, syst variation :         tagger.py:171
         nominal, cut type : SelectedElectron, cut : all cuts,                  
         efficiency : 0.0020                                                    
DEBUG    [select_objects] : Tagger                       object_selections.py:22
         'my_HHWW_Preselection', selecting objects                              
         'SelectedMuon', with the following                                     
         requirements:                                                          
DEBUG             'pt' : 21.0                            object_selections.py:24
DEBUG             'eta' : 2.5                            object_selections.py:24
DEBUG             'dxy' : 0.045                          object_selections.py:24
DEBUG             'dz' : 0.2                             object_selections.py:24
DEBUG             'id' : medium                          object_selections.py:24
DEBUG             'pfRelIso03_all' : 0.3                 object_selections.py:24
DEBUG             'dr_photons' : 0.2                     object_selections.py:24
DEBUG             'global' : True                        object_selections.py:24
DEBUG    [select_objects] : Tagger                       object_selections.py:27
         'my_HHWW_Preselection', cross-cleaning objects                         
         'SelectedMuon' with respect to the following                           
         sets of objects:                                                       
DEBUG             'photons', dR > 0.20                   object_selections.py:29
DEBUG    [Tagger] : my_HHWW_Preselection, syst variation :         tagger.py:171
         nominal, cut type : SelectedMuon, cut : pt > 21.0000,                  
         efficiency : 0.0196                                                    
DEBUG    [Tagger] : my_HHWW_Preselection, syst variation :         tagger.py:171
         nominal, cut type : SelectedMuon, cut : |eta| < 2.5000,                
         efficiency : 0.9988                                                    
DEBUG    [Tagger] : my_HHWW_Preselection, syst variation :         tagger.py:171
         nominal, cut type : SelectedMuon, cut : |dxy| < 0.0450,                
         efficiency : 0.9002                                                    
DEBUG    [Tagger] : my_HHWW_Preselection, syst variation :         tagger.py:171
         nominal, cut type : SelectedMuon, cut : |dz| < 0.2000,                 
         efficiency : 0.5012                                                    
DEBUG    [Tagger] : my_HHWW_Preselection, syst variation :         tagger.py:171
         nominal, cut type : SelectedMuon, cut : pfRelIso03_all <               
         0.3000, efficiency : 0.3947                                            
DEBUG    [Tagger] : my_HHWW_Preselection, syst variation :         tagger.py:171
         nominal, cut type : SelectedMuon, cut : dR with 'photons'              
         > 0.20, efficiency : 0.8376                                            
DEBUG    [Tagger] : my_HHWW_Preselection, syst variation :         tagger.py:171
         nominal, cut type : SelectedMuon, cut : standard object                
         cuts, efficiency : 0.0026                                              
DEBUG    [Tagger] : my_HHWW_Preselection, syst variation :         tagger.py:171
         nominal, cut type : SelectedMuon, cut : id cut,                        
         efficiency : 0.4084                                                    
DEBUG    [Tagger] : my_HHWW_Preselection, syst variation :         tagger.py:171
         nominal, cut type : SelectedMuon, cut : global_muon cut,               
         efficiency : 0.4988                                                    
DEBUG    [Tagger] : my_HHWW_Preselection, syst variation :         tagger.py:171
         nominal, cut type : SelectedMuon, cut : all cuts,                      
         efficiency : 0.0022                                                    
DEBUG    [select_objects] : Tagger                       object_selections.py:22
         'my_HHWW_Preselection', selecting objects                              
         'SelectedFatJet', with the following                                   
         requirements:                                                          
DEBUG             'pt' : 200.0                           object_selections.py:24
DEBUG             'eta' : 2.4                            object_selections.py:24
DEBUG    [select_objects] : Tagger                       object_selections.py:27
         'my_HHWW_Preselection', cross-cleaning objects                         
         'SelectedFatJet' with respect to the following                         
         sets of objects:                                                       
DEBUG             'photons', dR > 0.40                   object_selections.py:29
DEBUG             'electrons', dR > 0.40                 object_selections.py:29
DEBUG             'muons', dR > 0.40                     object_selections.py:29
DEBUG    [Tagger] : my_HHWW_Preselection, syst variation :         tagger.py:171
         nominal, cut type : SelectedFatJet, cut : pt > 200.0000,               
         efficiency : 0.4577                                                    
DEBUG    [Tagger] : my_HHWW_Preselection, syst variation :         tagger.py:171
         nominal, cut type : SelectedFatJet, cut : |eta| < 2.4000,              
         efficiency : 0.9700                                                    
DEBUG    [Tagger] : my_HHWW_Preselection, syst variation :         tagger.py:171
         nominal, cut type : SelectedFatJet, cut : dR with                      
         'photons' > 0.40, efficiency : 0.3560                                  
DEBUG    [Tagger] : my_HHWW_Preselection, syst variation :         tagger.py:171
         nominal, cut type : SelectedFatJet, cut : dR with                      
         'electrons' > 0.40, efficiency : 0.9994                                
DEBUG    [Tagger] : my_HHWW_Preselection, syst variation :         tagger.py:171
         nominal, cut type : SelectedFatJet, cut : dR with 'muons'              
         > 0.40, efficiency : 0.9996                                            
DEBUG    [Tagger] : my_HHWW_Preselection, syst variation :         tagger.py:171
         nominal, cut type : SelectedFatJet, cut : all cuts,                    
         efficiency : 0.1922                                                    
DEBUG    [select_objects] : Tagger                       object_selections.py:22
         'my_HHWW_Preselection', selecting objects                              
         'SelectedJet', with the following requirements:                        
DEBUG             'pt' : 20.0                            object_selections.py:24
DEBUG             'eta' : 2.4                            object_selections.py:24
DEBUG    [select_objects] : Tagger                       object_selections.py:27
         'my_HHWW_Preselection', cross-cleaning objects                         
         'SelectedJet' with respect to the following                            
         sets of objects:                                                       
DEBUG             'photons', dR > 0.40                   object_selections.py:29
DEBUG             'electrons', dR > 0.40                 object_selections.py:29
DEBUG             'muons', dR > 0.40                     object_selections.py:29
DEBUG    [Tagger] : my_HHWW_Preselection, syst variation :         tagger.py:171
         nominal, cut type : SelectedJet, cut : pt > 20.0000,                   
         efficiency : 0.6493                                                    
DEBUG    [Tagger] : my_HHWW_Preselection, syst variation :         tagger.py:171
         nominal, cut type : SelectedJet, cut : |eta| < 2.4000,                 
         efficiency : 0.7048                                                    
DEBUG    [Tagger] : my_HHWW_Preselection, syst variation :         tagger.py:171
         nominal, cut type : SelectedJet, cut : dR with 'photons'               
         > 0.40, efficiency : 0.6583                                            
DEBUG    [Tagger] : my_HHWW_Preselection, syst variation :         tagger.py:171
         nominal, cut type : SelectedJet, cut : dR with                         
         'electrons' > 0.40, efficiency : 0.9999                                
DEBUG    [Tagger] : my_HHWW_Preselection, syst variation :         tagger.py:171
         nominal, cut type : SelectedJet, cut : dR with 'muons' >               
         0.40, efficiency : 1.0000                                              
DEBUG    [Tagger] : my_HHWW_Preselection, syst variation :         tagger.py:171
         nominal, cut type : SelectedJet, cut : all cuts,                       
         efficiency : 0.1854                                                    
DEBUG    [Tagger] : my_HHWW_Preselection, syst variation :         tagger.py:171
         nominal, cut type : event, cut : Photon Selection,                     
         efficiency : 0.2655                                                    
DEBUG    [Tagger] : my_HHWW_Preselection, syst variation :         tagger.py:171
         nominal, cut type : event, cut : Lepton Selection,                     
         efficiency : 0.2652                                                    
DEBUG    [Tagger] : my_HHWW_Preselection, syst variation :         tagger.py:171
         nominal, cut type : event, cut : OnlyFourJet_category,                 
         efficiency : 0.0111                                                    
DEBUG    [Tagger] my_HHWW_Preselection : event set : nominal :      tagger.py:68
         153727 (1708) events before (after) selection                          
WARNING  [AnalysisManager : write_events] Branch                 analysis.py:512
         'MET_fiducialGenPhi' was not found in events array.                    
         This may be expected (e.g. gen info for a data file),                  
         but please ensure this makes sense to you.                             
WARNING  [AnalysisManager : write_events] Branch                 analysis.py:512
         'MET_fiducialGenPt' was not found in events array. This                
         may be expected (e.g. gen info for a data file), but                   
         please ensure this makes sense to you.                                 
WARNING  [AnalysisManager : write_events] Branch '('LeadPhoton', analysis.py:512
         'genPartFlav')' was not found in events array. This may                
         be expected (e.g. gen info for a data file), but please                
         ensure this makes sense to you.                                        
WARNING  [AnalysisManager : write_events] Branch                 analysis.py:512
         '('SubleadPhoton', 'genPartFlav')' was not found in                    
         events array. This may be expected (e.g. gen info for a                
         data file), but please ensure this makes sense to you.                 
WARNING  [AnalysisManager : write_events] Branch                 analysis.py:512
         '('SelectedJet', 'genJetIdx')' was not found in events                 
         array. This may be expected (e.g. gen info for a data                  
         file), but please ensure this makes sense to you.                      
WARNING  [AnalysisManager : write_events] Branch                 analysis.py:512
         '('SelectedJet', 'hadronFlavour')' was not found in                    
         events array. This may be expected (e.g. gen info for a                
         data file), but please ensure this makes sense to you.                 
WARNING  [AnalysisManager : write_events] Branch                 analysis.py:512
         '('SelectedJet', 'partonFlavour')' was not found in                    
         events array. This may be expected (e.g. gen info for a                
         data file), but please ensure this makes sense to you.                 
WARNING  [AnalysisManager : write_events] Branch                 analysis.py:512
         'fatjet_1_genJetAK8Idx' was not found in events array.                 
         This may be expected (e.g. gen info for a data file),                  
         but please ensure this makes sense to you.                             
WARNING  [AnalysisManager : write_events] Branch                 analysis.py:512
         'fatjet_1_hadronFlavour' was not found in events array.                
         This may be expected (e.g. gen info for a data file),                  
         but please ensure this makes sense to you.                             
WARNING  [AnalysisManager : write_events] Branch                 analysis.py:512
         'fatjet_1_nBHadrons' was not found in events array.                    
         This may be expected (e.g. gen info for a data file),                  
         but please ensure this makes sense to you.                             
WARNING  [AnalysisManager : write_events] Branch                 analysis.py:512
         'fatjet_1_nCHadrons' was not found in events array.                    
         This may be expected (e.g. gen info for a data file),                  
         but please ensure this makes sense to you.                             
WARNING  [AnalysisManager : write_events] Branch                 analysis.py:512
         'fatjet_1_particleNetMD_QCD' was not found in events                   
         array. This may be expected (e.g. gen info for a data                  
         file), but please ensure this makes sense to you.                      
WARNING  [AnalysisManager : write_events] Branch                 analysis.py:512
         'fatjet_1_particleNetMD_Xbb' was not found in events                   
         array. This may be expected (e.g. gen info for a data                  
         file), but please ensure this makes sense to you.                      
WARNING  [AnalysisManager : write_events] Branch                 analysis.py:512
         'fatjet_1_particleNetMD_Xcc' was not found in events                   
         array. This may be expected (e.g. gen info for a data                  
         file), but please ensure this makes sense to you.                      
WARNING  [AnalysisManager : write_events] Branch                 analysis.py:512
         'fatjet_1_particleNetMD_Xqq' was not found in events                   
         array. This may be expected (e.g. gen info for a data                  
         file), but please ensure this makes sense to you.                      
WARNING  [AnalysisManager : write_events] Branch                 analysis.py:512
         'fatjet_1_particleNet_H4qvsQCD' was not found in events                
         array. This may be expected (e.g. gen info for a data                  
         file), but please ensure this makes sense to you.                      
WARNING  [AnalysisManager : write_events] Branch                 analysis.py:512
         'fatjet_1_particleNet_HbbvsQCD' was not found in events                
         array. This may be expected (e.g. gen info for a data                  
         file), but please ensure this makes sense to you.                      
WARNING  [AnalysisManager : write_events] Branch                 analysis.py:512
         'fatjet_1_particleNet_HccvsQCD' was not found in events                
         array. This may be expected (e.g. gen info for a data                  
         file), but please ensure this makes sense to you.                      
WARNING  [AnalysisManager : write_events] Branch                 analysis.py:512
         'fatjet_1_particleNet_QCD' was not found in events                     
         array. This may be expected (e.g. gen info for a data                  
         file), but please ensure this makes sense to you.                      
WARNING  [AnalysisManager : write_events] Branch                 analysis.py:512
         'fatjet_1_particleNet_TvsQCD' was not found in events                  
         array. This may be expected (e.g. gen info for a data                  
         file), but please ensure this makes sense to you.                      
WARNING  [AnalysisManager : write_events] Branch                 analysis.py:512
         'fatjet_1_particleNet_WvsQCD' was not found in events                  
         array. This may be expected (e.g. gen info for a data                  
         file), but please ensure this makes sense to you.                      
WARNING  [AnalysisManager : write_events] Branch                 analysis.py:512
         'fatjet_1_particleNet_ZvsQCD' was not found in events                  
         array. This may be expected (e.g. gen info for a data                  
         file), but please ensure this makes sense to you.                      
WARNING  [AnalysisManager : write_events] Branch                 analysis.py:512
         'fatjet_2_genJetAK8Idx' was not found in events array.                 
         This may be expected (e.g. gen info for a data file),                  
         but please ensure this makes sense to you.                             
WARNING  [AnalysisManager : write_events] Branch                 analysis.py:512
         'fatjet_2_hadronFlavour' was not found in events array.                
         This may be expected (e.g. gen info for a data file),                  
         but please ensure this makes sense to you.                             
WARNING  [AnalysisManager : write_events] Branch                 analysis.py:512
         'fatjet_2_nBHadrons' was not found in events array.                    
         This may be expected (e.g. gen info for a data file),                  
         but please ensure this makes sense to you.                             
WARNING  [AnalysisManager : write_events] Branch                 analysis.py:512
         'fatjet_2_nCHadrons' was not found in events array.                    
         This may be expected (e.g. gen info for a data file),                  
         but please ensure this makes sense to you.                             
WARNING  [AnalysisManager : write_events] Branch                 analysis.py:512
         'fatjet_2_particleNetMD_QCD' was not found in events                   
         array. This may be expected (e.g. gen info for a data                  
         file), but please ensure this makes sense to you.                      
WARNING  [AnalysisManager : write_events] Branch                 analysis.py:512
         'fatjet_2_particleNetMD_Xbb' was not found in events                   
         array. This may be expected (e.g. gen info for a data                  
         file), but please ensure this makes sense to you.                      
WARNING  [AnalysisManager : write_events] Branch                 analysis.py:512
         'fatjet_2_particleNetMD_Xcc' was not found in events                   
         array. This may be expected (e.g. gen info for a data                  
         file), but please ensure this makes sense to you.                      
WARNING  [AnalysisManager : write_events] Branch                 analysis.py:512
         'fatjet_2_particleNetMD_Xqq' was not found in events                   
         array. This may be expected (e.g. gen info for a data                  
         file), but please ensure this makes sense to you.                      
WARNING  [AnalysisManager : write_events] Branch                 analysis.py:512
         'fatjet_2_particleNet_H4qvsQCD' was not found in events                
         array. This may be expected (e.g. gen info for a data                  
         file), but please ensure this makes sense to you.                      
WARNING  [AnalysisManager : write_events] Branch                 analysis.py:512
         'fatjet_2_particleNet_HbbvsQCD' was not found in events                
         array. This may be expected (e.g. gen info for a data                  
         file), but please ensure this makes sense to you.                      
WARNING  [AnalysisManager : write_events] Branch                 analysis.py:512
         'fatjet_2_particleNet_HccvsQCD' was not found in events                
         array. This may be expected (e.g. gen info for a data                  
         file), but please ensure this makes sense to you.                      
WARNING  [AnalysisManager : write_events] Branch                 analysis.py:512
         'fatjet_2_particleNet_QCD' was not found in events                     
         array. This may be expected (e.g. gen info for a data                  
         file), but please ensure this makes sense to you.                      
WARNING  [AnalysisManager : write_events] Branch                 analysis.py:512
         'fatjet_2_particleNet_TvsQCD' was not found in events                  
         array. This may be expected (e.g. gen info for a data                  
         file), but please ensure this makes sense to you.                      
WARNING  [AnalysisManager : write_events] Branch                 analysis.py:512
         'fatjet_2_particleNet_WvsQCD' was not found in events                  
         array. This may be expected (e.g. gen info for a data                  
         file), but please ensure this makes sense to you.                      
WARNING  [AnalysisManager : write_events] Branch                 analysis.py:512
         'fatjet_2_particleNet_ZvsQCD' was not found in events                  
         array. This may be expected (e.g. gen info for a data                  
         file), but please ensure this makes sense to you.                      
WARNING  [AnalysisManager : write_events] Branch                 analysis.py:512
         'fatjet_3_genJetAK8Idx' was not found in events array.                 
         This may be expected (e.g. gen info for a data file),                  
         but please ensure this makes sense to you.                             
WARNING  [AnalysisManager : write_events] Branch                 analysis.py:512
         'fatjet_3_hadronFlavour' was not found in events array.                
         This may be expected (e.g. gen info for a data file),                  
         but please ensure this makes sense to you.                             
WARNING  [AnalysisManager : write_events] Branch                 analysis.py:512
         'fatjet_3_nBHadrons' was not found in events array.                    
         This may be expected (e.g. gen info for a data file),                  
         but please ensure this makes sense to you.                             
WARNING  [AnalysisManager : write_events] Branch                 analysis.py:512
         'fatjet_3_nCHadrons' was not found in events array.                    
         This may be expected (e.g. gen info for a data file),                  
         but please ensure this makes sense to you.                             
WARNING  [AnalysisManager : write_events] Branch                 analysis.py:512
         'fatjet_3_particleNetMD_QCD' was not found in events                   
         array. This may be expected (e.g. gen info for a data                  
         file), but please ensure this makes sense to you.                      
WARNING  [AnalysisManager : write_events] Branch                 analysis.py:512
         'fatjet_3_particleNetMD_Xbb' was not found in events                   
         array. This may be expected (e.g. gen info for a data                  
         file), but please ensure this makes sense to you.                      
WARNING  [AnalysisManager : write_events] Branch                 analysis.py:512
         'fatjet_3_particleNetMD_Xcc' was not found in events                   
         array. This may be expected (e.g. gen info for a data                  
         file), but please ensure this makes sense to you.                      
WARNING  [AnalysisManager : write_events] Branch                 analysis.py:512
         'fatjet_3_particleNetMD_Xqq' was not found in events                   
         array. This may be expected (e.g. gen info for a data                  
         file), but please ensure this makes sense to you.                      
WARNING  [AnalysisManager : write_events] Branch                 analysis.py:512
         'fatjet_3_particleNet_H4qvsQCD' was not found in events                
         array. This may be expected (e.g. gen info for a data                  
         file), but please ensure this makes sense to you.                      
WARNING  [AnalysisManager : write_events] Branch                 analysis.py:512
         'fatjet_3_particleNet_HbbvsQCD' was not found in events                
         array. This may be expected (e.g. gen info for a data                  
         file), but please ensure this makes sense to you.                      
WARNING  [AnalysisManager : write_events] Branch                 analysis.py:512
         'fatjet_3_particleNet_HccvsQCD' was not found in events                
         array. This may be expected (e.g. gen info for a data                  
         file), but please ensure this makes sense to you.                      
WARNING  [AnalysisManager : write_events] Branch                 analysis.py:512
         'fatjet_3_particleNet_QCD' was not found in events                     
         array. This may be expected (e.g. gen info for a data                  
         file), but please ensure this makes sense to you.                      
WARNING  [AnalysisManager : write_events] Branch                 analysis.py:512
         'fatjet_3_particleNet_TvsQCD' was not found in events                  
         array. This may be expected (e.g. gen info for a data                  
         file), but please ensure this makes sense to you.                      
WARNING  [AnalysisManager : write_events] Branch                 analysis.py:512
         'fatjet_3_particleNet_WvsQCD' was not found in events                  
         array. This may be expected (e.g. gen info for a data                  
         file), but please ensure this makes sense to you.                      
WARNING  [AnalysisManager : write_events] Branch                 analysis.py:512
         'fatjet_3_particleNet_ZvsQCD' was not found in events                  
         array. This may be expected (e.g. gen info for a data                  
         file), but please ensure this makes sense to you.                      
WARNING  [AnalysisManager : write_events] Branch                 analysis.py:512
         'GenHggHiggs_pt' was not found in events array. This                   
         may be expected (e.g. gen info for a data file), but                   
         please ensure this makes sense to you.                                 
WARNING  [AnalysisManager : write_events] Branch                 analysis.py:512
         'GenHggHiggs_eta' was not found in events array. This                  
         may be expected (e.g. gen info for a data file), but                   
         please ensure this makes sense to you.                                 
WARNING  [AnalysisManager : write_events] Branch                 analysis.py:512
         'GenHggHiggs_phi' was not found in events array. This                  
         may be expected (e.g. gen info for a data file), but                   
         please ensure this makes sense to you.                                 
WARNING  [AnalysisManager : write_events] Branch                 analysis.py:512
         'GenHggHiggs_mass' was not found in events array. This                 
         may be expected (e.g. gen info for a data file), but                   
         please ensure this makes sense to you.                                 
WARNING  [AnalysisManager : write_events] Branch                 analysis.py:512
         'GenHggHiggs_dR' was not found in events array. This                   
         may be expected (e.g. gen info for a data file), but                   
         please ensure this makes sense to you.                                 
DEBUG    [AnalysisManager : write_events] Writing output file '/ analysis.py:523
         eos/user/z/zhenxuan/hhwwgg/DoubleEG_Run2017B_2017/job_2                
         /output_job_2_nominal.parquet'.                                        
