Traceback (most recent call last):
  File "/eos/user/z/zhenxuan/hhwwgg/GluGluToRadionToHHTo2G4Q_M1250_2017/job_9/GluGluToRadionToHHTo2G4Q_M1250_2017_executable_job9.py", line 4, in <module>
    from higgs_dna.analysis import run_analysis
  File "/afs/cern.ch/user/z/zhenxuan/HiggsDNA/higgs_dna/analysis.py", line 18, in <module>
    from higgs_dna.job_management.managers import LocalManager, CondorManager
  File "/afs/cern.ch/user/z/zhenxuan/HiggsDNA/higgs_dna/job_management/managers.py", line 22, in <module>
    import enlighten
  File "/eos/user/z/zhenxuan/higgs-dna/lib/python3.10/site-packages/enlighten/__init__.py", line 14, in <module>
    from enlighten.counter import Counter, StatusBar, SubCounter
  File "/eos/user/z/zhenxuan/higgs-dna/lib/python3.10/site-packages/enlighten/counter.py", line 19, in <module>
    from enlighten.manager import get_manager
  File "/eos/user/z/zhenxuan/higgs-dna/lib/python3.10/site-packages/enlighten/manager.py", line 21, in <module>
    from IPython import get_ipython
  File "/eos/user/z/zhenxuan/higgs-dna/lib/python3.10/site-packages/IPython/__init__.py", line 51, in <module>
    from .core.application import Application
  File "/eos/user/z/zhenxuan/higgs-dna/lib/python3.10/site-packages/IPython/core/application.py", line 27, in <module>
    from IPython.core import release, crashhandler
  File "/eos/user/z/zhenxuan/higgs-dna/lib/python3.10/site-packages/IPython/core/crashhandler.py", line 28, in <module>
    from IPython.core import ultratb
  File "/eos/user/z/zhenxuan/higgs-dna/lib/python3.10/site-packages/IPython/core/ultratb.py", line 107, in <module>
    from IPython.core import debugger
  File "/eos/user/z/zhenxuan/higgs-dna/lib/python3.10/site-packages/IPython/core/debugger.py", line 113, in <module>
    from IPython.utils import PyColorize
  File "/eos/user/z/zhenxuan/higgs-dna/lib/python3.10/site-packages/IPython/utils/PyColorize.py", line 47, in <module>
    from .colorable import Colorable
  File "<frozen importlib._bootstrap>", line 1027, in _find_and_load
  File "<frozen importlib._bootstrap>", line 1006, in _find_and_load_unlocked
  File "<frozen importlib._bootstrap>", line 688, in _load_unlocked
  File "<frozen importlib._bootstrap_external>", line 879, in exec_module
  File "<frozen importlib._bootstrap_external>", line 1016, in get_code
  File "<frozen importlib._bootstrap_external>", line 1074, in get_data
OSError: [Errno 5] Input/output error
