Traceback (most recent call last):
  File "/eos/user/z/zhenxuan/hhwwgg/GluGluToRadionToHHTo2G4Q_M320_2017/job_11/GluGluToRadionToHHTo2G4Q_M320_2017_executable_job11.py", line 4, in <module>
    from higgs_dna.analysis import run_analysis
  File "/afs/cern.ch/user/z/zhenxuan/HiggsDNA/higgs_dna/analysis.py", line 10, in <module>
    import uproot
  File "/eos/user/z/zhenxuan/higgs-dna/lib/python3.10/site-packages/uproot/__init__.py", line 78, in <module>
    import uproot.extras
  File "/eos/user/z/zhenxuan/higgs-dna/lib/python3.10/site-packages/uproot/extras.py", line 15, in <module>
    import pkg_resources
  File "/eos/user/z/zhenxuan/higgs-dna/lib/python3.10/site-packages/pkg_resources/__init__.py", line 3247, in <module>
    def _initialize_master_working_set():
  File "/eos/user/z/zhenxuan/higgs-dna/lib/python3.10/site-packages/pkg_resources/__init__.py", line 3221, in _call_aside
    f(*args, **kwargs)
  File "/eos/user/z/zhenxuan/higgs-dna/lib/python3.10/site-packages/pkg_resources/__init__.py", line 3259, in _initialize_master_working_set
    working_set = WorkingSet._build_master()
  File "/eos/user/z/zhenxuan/higgs-dna/lib/python3.10/site-packages/pkg_resources/__init__.py", line 570, in _build_master
    ws = cls()
  File "/eos/user/z/zhenxuan/higgs-dna/lib/python3.10/site-packages/pkg_resources/__init__.py", line 563, in __init__
    self.add_entry(entry)
  File "/eos/user/z/zhenxuan/higgs-dna/lib/python3.10/site-packages/pkg_resources/__init__.py", line 619, in add_entry
    for dist in find_distributions(entry, True):
  File "/eos/user/z/zhenxuan/higgs-dna/lib/python3.10/site-packages/pkg_resources/__init__.py", line 2083, in find_on_path
    for dist in factory(fullpath):
  File "/eos/user/z/zhenxuan/higgs-dna/lib/python3.10/site-packages/pkg_resources/__init__.py", line 2148, in distributions_from_metadata
    yield Distribution.from_location(
  File "/eos/user/z/zhenxuan/higgs-dna/lib/python3.10/site-packages/pkg_resources/__init__.py", line 2599, in from_location
    )._reload_version()
  File "/eos/user/z/zhenxuan/higgs-dna/lib/python3.10/site-packages/pkg_resources/__init__.py", line 2997, in _reload_version
    md_version = self._get_version()
  File "/eos/user/z/zhenxuan/higgs-dna/lib/python3.10/site-packages/pkg_resources/__init__.py", line 2778, in _get_version
    version = _version_from_file(lines)
  File "/eos/user/z/zhenxuan/higgs-dna/lib/python3.10/site-packages/pkg_resources/__init__.py", line 2562, in _version_from_file
    line = next(iter(version_lines), '')
  File "/eos/user/z/zhenxuan/higgs-dna/lib/python3.10/site-packages/pkg_resources/__init__.py", line 2773, in _get_metadata
    for line in self.get_metadata_lines(name):
  File "/eos/user/z/zhenxuan/higgs-dna/lib/python3.10/site-packages/pkg_resources/__init__.py", line 1428, in get_metadata_lines
    return yield_lines(self.get_metadata(name))
  File "/eos/user/z/zhenxuan/higgs-dna/lib/python3.10/site-packages/pkg_resources/__init__.py", line 1418, in get_metadata
    value = self._get(path)
  File "/eos/user/z/zhenxuan/higgs-dna/lib/python3.10/site-packages/pkg_resources/__init__.py", line 1623, in _get
    return stream.read()
OSError: [Errno 5] Input/output error
