Traceback (most recent call last):
  File "/eos/user/z/zhenxuan/hhwwgg/GluGluToRadionToHHTo2G4Q_M3000_2017/job_1/GluGluToRadionToHHTo2G4Q_M3000_2017_executable_job1.py", line 13, in <module>
    run_analysis(config)
  File "/afs/cern.ch/user/z/zhenxuan/HiggsDNA/higgs_dna/analysis.py", line 82, in run_analysis
    events, tag_idx_map = tag_sequence.run(events)
  File "/afs/cern.ch/user/z/zhenxuan/HiggsDNA/higgs_dna/taggers/tag_sequence.py", line 106, in run
    self.run_taggers(tag_set)
  File "/afs/cern.ch/user/z/zhenxuan/HiggsDNA/higgs_dna/taggers/tag_sequence.py", line 126, in run_taggers
    self.selections[tagger.name], self.selected_events = tagger.run(self.selected_events)
  File "/afs/cern.ch/user/z/zhenxuan/HiggsDNA/higgs_dna/taggers/tagger.py", line 64, in run
    selection, syst_events_updated = self.get_selection(syst_tag, syst_events)
  File "/afs/cern.ch/user/z/zhenxuan/HiggsDNA/higgs_dna/taggers/tagger.py", line 100, in get_selection
    return self.calculate_selection(syst_events) 
  File "/afs/cern.ch/user/z/zhenxuan/HiggsDNA/higgs_dna/taggers/diphoton_tagger.py", line 103, in calculate_selection
    diphoton_selection, diphotons = self.produce_and_select_diphotons(
  File "/afs/cern.ch/user/z/zhenxuan/HiggsDNA/higgs_dna/taggers/diphoton_tagger.py", line 141, in produce_and_select_diphotons
    diphotons["Diphoton"] = diphotons.LeadPhoton + diphotons.SubleadPhoton
  File "/eos/user/z/zhenxuan/higgs-dna/lib/python3.10/site-packages/numpy/lib/mixins.py", line 21, in func
    return ufunc(self, other)
  File "/eos/user/z/zhenxuan/higgs-dna/lib/python3.10/site-packages/awkward/highlevel.py", line 1411, in __array_ufunc__
    return ak._connect._numpy.array_ufunc(ufunc, method, inputs, kwargs)
  File "/eos/user/z/zhenxuan/higgs-dna/lib/python3.10/site-packages/awkward/_connect/_numpy.py", line 250, in array_ufunc
    out = ak._util.broadcast_and_apply(
  File "/eos/user/z/zhenxuan/higgs-dna/lib/python3.10/site-packages/awkward/_util.py", line 1166, in broadcast_and_apply
    out = apply(broadcast_pack(inputs, isscalar), 0, user)
  File "/eos/user/z/zhenxuan/higgs-dna/lib/python3.10/site-packages/awkward/_util.py", line 919, in apply
    outcontent = apply(nextinputs, depth + 1, user)
  File "/eos/user/z/zhenxuan/higgs-dna/lib/python3.10/site-packages/awkward/_util.py", line 1022, in apply
    outcontent = apply(nextinputs, depth + 1, user)
  File "/eos/user/z/zhenxuan/higgs-dna/lib/python3.10/site-packages/awkward/_util.py", line 776, in apply
    return apply(nextinputs, depth, user)
  File "/eos/user/z/zhenxuan/higgs-dna/lib/python3.10/site-packages/awkward/_util.py", line 735, in apply
    return custom()
  File "/eos/user/z/zhenxuan/higgs-dna/lib/python3.10/site-packages/awkward/_connect/_numpy.py", line 177, in <lambda>
    return lambda: adjust(custom, inputs, kwargs)
  File "/eos/user/z/zhenxuan/higgs-dna/lib/python3.10/site-packages/awkward/_connect/_numpy.py", line 77, in adjust
    out = custom(*args, **kwargs)
  File "/eos/user/z/zhenxuan/higgs-dna/lib/python3.10/site-packages/vector/_backends/awkward_.py", line 928, in <lambda>
    behavior[numpy.add, left, right] = lambda v1, v2: v1.add(v2)
  File "/eos/user/z/zhenxuan/higgs-dna/lib/python3.10/site-packages/vector/_methods.py", line 2318, in add
    module = _compute_module_of(self, other)
  File "/eos/user/z/zhenxuan/higgs-dna/lib/python3.10/site-packages/vector/_methods.py", line 2604, in _compute_module_of
    import vector._compute.lorentz
  File "/eos/user/z/zhenxuan/higgs-dna/lib/python3.10/site-packages/vector/_compute/lorentz/__init__.py", line 24, in <module>
    import vector._compute.lorentz.add  # noqa: F401
  File "/eos/user/z/zhenxuan/higgs-dna/lib/python3.10/site-packages/vector/_compute/lorentz/add.py", line 16, in <module>
  File "/eos/user/z/zhenxuan/higgs-dna/lib/python3.10/site-packages/vector/_compute/lorentz/t.py", line 17, in <module>
    from vector._compute.lorentz import t2
  File "/eos/user/z/zhenxuan/higgs-dna/lib/python3.10/site-packages/vector/_compute/lorentz/t2.py", line 17, in <module>
    from vector._compute.lorentz import tau2
  File "/eos/user/z/zhenxuan/higgs-dna/lib/python3.10/site-packages/vector/_compute/lorentz/tau2.py", line 17, in <module>
    from vector._compute.spatial import mag2
  File "/eos/user/z/zhenxuan/higgs-dna/lib/python3.10/site-packages/vector/_compute/spatial/__init__.py", line 26, in <module>
    import vector._compute.spatial.cottheta  # noqa: F401
  File "<frozen importlib._bootstrap>", line 1027, in _find_and_load
  File "<frozen importlib._bootstrap>", line 1006, in _find_and_load_unlocked
  File "<frozen importlib._bootstrap>", line 688, in _load_unlocked
  File "<frozen importlib._bootstrap_external>", line 879, in exec_module
  File "<frozen importlib._bootstrap_external>", line 1016, in get_code
  File "<frozen importlib._bootstrap_external>", line 1074, in get_data
OSError: [Errno 5] Input/output error
