Could not find platform independent libraries <prefix>
Could not find platform dependent libraries <exec_prefix>
Consider setting $PYTHONHOME to <prefix>[:<exec_prefix>]
ImportError: No module named site
Traceback (most recent call last):
  File "/eos/user/z/zhenxuan/hhwwgg/QCD_HT500to700_2017/job_51/QCD_HT500to700_2017_executable_job51.py", line 13, in <module>
    run_analysis(config)
  File "/afs/cern.ch/user/z/zhenxuan/HiggsDNA/higgs_dna/analysis.py", line 82, in run_analysis
    events, tag_idx_map = tag_sequence.run(events)
  File "/afs/cern.ch/user/z/zhenxuan/HiggsDNA/higgs_dna/taggers/tag_sequence.py", line 106, in run
    self.run_taggers(tag_set)
  File "/afs/cern.ch/user/z/zhenxuan/HiggsDNA/higgs_dna/taggers/tag_sequence.py", line 126, in run_taggers
    self.selections[tagger.name], self.selected_events = tagger.run(self.selected_events)
  File "/afs/cern.ch/user/z/zhenxuan/HiggsDNA/higgs_dna/taggers/tagger.py", line 64, in run
    selection, syst_events_updated = self.get_selection(syst_tag, syst_events)
  File "/afs/cern.ch/user/z/zhenxuan/HiggsDNA/higgs_dna/taggers/tagger.py", line 100, in get_selection
    return self.calculate_selection(syst_events) 
  File "/afs/cern.ch/user/z/zhenxuan/HiggsDNA/higgs_dna/taggers/HHWW_Tagger.py", line 71, in calculate_selection
    gen_hww = gen_selections.select_x_to_yz(events.GenPart, 25, 24, 24)
NameError: name 'gen_selections' is not defined. Did you mean: 'n_electrons'?
