Traceback (most recent call last):
  File "/eos/user/z/zhenxuan/hhwwgg/GluGluToRadionToHHTo2G4Q_M320_2017/job_9/GluGluToRadionToHHTo2G4Q_M320_2017_executable_job9.py", line 4, in <module>
    from higgs_dna.analysis import run_analysis
  File "/afs/cern.ch/user/z/zhenxuan/HiggsDNA/higgs_dna/analysis.py", line 18, in <module>
    from higgs_dna.job_management.managers import LocalManager, CondorManager
  File "/afs/cern.ch/user/z/zhenxuan/HiggsDNA/higgs_dna/job_management/managers.py", line 22, in <module>
    import enlighten
  File "/eos/user/z/zhenxuan/higgs-dna/lib/python3.10/site-packages/enlighten/__init__.py", line 14, in <module>
    from enlighten.counter import Counter, StatusBar, SubCounter
  File "/eos/user/z/zhenxuan/higgs-dna/lib/python3.10/site-packages/enlighten/counter.py", line 19, in <module>
    from enlighten.manager import get_manager
  File "/eos/user/z/zhenxuan/higgs-dna/lib/python3.10/site-packages/enlighten/manager.py", line 21, in <module>
    from IPython import get_ipython
  File "/eos/user/z/zhenxuan/higgs-dna/lib/python3.10/site-packages/IPython/__init__.py", line 52, in <module>
    from .terminal.embed import embed
  File "/eos/user/z/zhenxuan/higgs-dna/lib/python3.10/site-packages/IPython/terminal/embed.py", line 15, in <module>
    from IPython.core.interactiveshell import DummyMod, InteractiveShell
  File "/eos/user/z/zhenxuan/higgs-dna/lib/python3.10/site-packages/IPython/core/interactiveshell.py", line 131, in <module>
    from .async_helpers import (
  File "/eos/user/z/zhenxuan/higgs-dna/lib/python3.10/site-packages/IPython/core/async_helpers.py", line 15, in <module>
    import asyncio
  File "/eos/user/z/zhenxuan/higgs-dna/lib/python3.10/asyncio/__init__.py", line 8, in <module>
    from .base_events import *
  File "/eos/user/z/zhenxuan/higgs-dna/lib/python3.10/asyncio/base_events.py", line 40, in <module>
    from . import events
  File "/eos/user/z/zhenxuan/higgs-dna/lib/python3.10/asyncio/events.py", line 808, in <module>
    from _asyncio import (_get_running_loop, _set_running_loop,
  File "<frozen importlib._bootstrap>", line 1027, in _find_and_load
  File "<frozen importlib._bootstrap>", line 1006, in _find_and_load_unlocked
  File "<frozen importlib._bootstrap>", line 688, in _load_unlocked
  File "<frozen importlib._bootstrap_external>", line 879, in exec_module
  File "<frozen importlib._bootstrap_external>", line 1016, in get_code
  File "<frozen importlib._bootstrap_external>", line 1074, in get_data
OSError: [Errno 5] Input/output error
