DEBUG    [AnalysisManager : load_events] Loaded 1256983 events   analysis.py:476
         from file 'root://cms-xrd-global.cern.ch//store/data/Ru                
         n2017F/DoubleEG/NANOAOD/02Apr2020-v1/50000/53C02E34-D21                
         6-5A4C-A2A3-D43DBCBA5222.root'.                                        
DEBUG    [AnalysisManager : load_events] Loaded 1980736 events   analysis.py:476
         from file 'root://cms-xrd-global.cern.ch//store/data/Ru                
         n2017F/DoubleEG/NANOAOD/02Apr2020-v1/50000/54A20380-6F3                
         D-9C47-A3A8-78D718885FB6.root'.                                        
DEBUG    [AnalysisManager : load_events] Loaded 1766056 events   analysis.py:476
         from file 'root://cms-xrd-global.cern.ch//store/data/Ru                
         n2017F/DoubleEG/NANOAOD/02Apr2020-v1/50000/5B858B75-855                
         E-E04B-BED3-89CF5B09D3FA.root'.                                        
DEBUG    [AnalysisManager : load_events] Loaded 1501976 events   analysis.py:476
         from file 'root://cms-xrd-global.cern.ch//store/data/Ru                
         n2017F/DoubleEG/NANOAOD/02Apr2020-v1/50000/60FFF18F-F7D                
         C-FA42-B171-6D13792241EC.root'.                                        
DEBUG    [AnalysisManager : load_events] Loaded 952109 events    analysis.py:476
         from file 'root://cms-xrd-global.cern.ch//store/data/Ru                
         n2017F/DoubleEG/NANOAOD/02Apr2020-v1/50000/668D168B-23C                
         7-B940-B31A-6D9051927FD1.root'.                                        
DEBUG    [AnalysisManager : load_events] Loaded 1140431 events   analysis.py:476
         from file 'root://cms-xrd-global.cern.ch//store/data/Ru                
         n2017F/DoubleEG/NANOAOD/02Apr2020-v1/50000/6A7A61A8-591                
         3-B344-9BDE-28F3F453B9BC.root'.                                        
DEBUG    [AnalysisManager : load_events] Loaded 1062837 events   analysis.py:476
         from file 'root://cms-xrd-global.cern.ch//store/data/Ru                
         n2017F/DoubleEG/NANOAOD/02Apr2020-v1/50000/6F60D041-382                
         8-F04A-9085-AE59EACF8A06.root'.                                        
DEBUG    [AnalysisManager : load_events] Loaded 652005 events    analysis.py:476
         from file 'root://cms-xrd-global.cern.ch//store/data/Ru                
         n2017F/DoubleEG/NANOAOD/02Apr2020-v1/50000/7091D4E9-299                
         E-CF4F-9436-8A295AC4254C.root'.                                        
DEBUG    [AnalysisManager : load_events] Loaded 1691756 events   analysis.py:476
         from file 'root://cms-xrd-global.cern.ch//store/data/Ru                
         n2017F/DoubleEG/NANOAOD/02Apr2020-v1/50000/780121E8-0F2                
         0-6A4B-8B9E-2E7B62550F69.root'.                                        
DEBUG    [AnalysisManager : load_events] Loaded 342523 events    analysis.py:476
         from file 'root://cms-xrd-global.cern.ch//store/data/Ru                
         n2017F/DoubleEG/NANOAOD/02Apr2020-v1/50000/7B5D623B-EAA                
         D-DC4C-95A1-22028E57CB91.root'.                                        
INFO     [TagSequence : __init__] Creating tag sequence with  tag_sequence.py:37
         the following tags and priority:                                       
INFO     [TagSequence : __init__] The 0-th tag set has        tag_sequence.py:59
         taggers ['diphoton_tagger'] (listed in order                           
         priority will be given).                                               
INFO     [TagSequence : __init__] The 1-th tag set has        tag_sequence.py:59
         taggers ['my_HHWW_Preselection'] (listed in order                      
         priority will be given).                                               
INFO     For all tags, performing selection on the following  tag_sequence.py:94
         sets of events, each corresponding to a separate                       
         independent collection.                                                
INFO             nominal                                      tag_sequence.py:96
DEBUG    [Tagger] : diphoton_tagger, syst variation : nominal, cut tagger.py:171
         type : photon, cut : pt, efficiency : 0.9998                           
DEBUG    [Tagger] : diphoton_tagger, syst variation : nominal, cut tagger.py:171
         type : photon, cut : eta, efficiency : 0.9149                          
DEBUG    [Tagger] : diphoton_tagger, syst variation : nominal, cut tagger.py:171
         type : photon, cut : e_veto, efficiency : 0.6747                       
DEBUG    [Tagger] : diphoton_tagger, syst variation : nominal, cut tagger.py:171
         type : photon, cut : r9, efficiency : 0.9505                           
DEBUG    [Tagger] : diphoton_tagger, syst variation : nominal, cut tagger.py:171
         type : photon, cut : hoe, efficiency : 0.7820                          
DEBUG    [Tagger] : diphoton_tagger, syst variation : nominal, cut tagger.py:171
         type : photon, cut : hlt, efficiency : 1.0000                          
DEBUG    [Tagger] : diphoton_tagger, syst variation : nominal, cut tagger.py:171
         type : photon, cut : all, efficiency : 0.3489                          
DEBUG    [Tagger] : diphoton_tagger, syst variation : nominal, cut tagger.py:171
         type : diphoton, cut : lead pt cut, efficiency : 0.7629                
DEBUG    [Tagger] : diphoton_tagger, syst variation : nominal, cut tagger.py:171
         type : diphoton, cut : lead pt mgg cut, efficiency :                   
         0.9395                                                                 
DEBUG    [Tagger] : diphoton_tagger, syst variation : nominal, cut tagger.py:171
         type : diphoton, cut : sublead pt mgg cut, efficiency :                
         0.8144                                                                 
DEBUG    [Tagger] : diphoton_tagger, syst variation : nominal, cut tagger.py:171
         type : diphoton, cut : mass cut, efficiency : 0.2284                   
DEBUG    [Tagger] : diphoton_tagger, syst variation : nominal, cut tagger.py:171
         type : diphoton, cut : all cuts, efficiency : 0.1295                   
DEBUG    [DiphotonTagger : produce_and_select_diphotons]  diphoton_tagger.py:190
         diphoton_tagger, selecting the highest pt_sum                          
         diphoton pair from each event.                                         
DEBUG    [DiphotonTagger : produce_and_select_diphotons]  diphoton_tagger.py:196
         diphoton_tagger, syst variation : nominal.                             
         Number of total diphoton candidates: 438634,                           
         number of diphoton candidates after selecting                          
         candidate with highest pt sum in each event:                           
         424717 (3.17 percent of diphoton events                                
         removed).                                                              
DEBUG    [Tagger] : diphoton_tagger, syst variation : nominal, cut tagger.py:171
         type : event, cut : At least 1 diphoton pair, efficiency               
         : 0.0344                                                               
DEBUG    [Tagger] : diphoton_tagger, syst variation : nominal, cut tagger.py:171
         type : event, cut : HLT Trigger, efficiency : 0.7372                   
DEBUG    [Tagger] : diphoton_tagger, syst variation : nominal, cut tagger.py:171
         type : event, cut : all, efficiency : 0.7372                           
DEBUG    [DiphotonTagger] diphoton_tagger, syst variation diphoton_tagger.py:236
         : nominal, total time to execute                                       
         select_diphotons: 23.125149 s                                          
DEBUG    [Tagger] diphoton_tagger : event set : nominal : 12347412  tagger.py:68
         (313091) events before (after) selection                               
DEBUG    [select_objects] : Tagger                       object_selections.py:22
         'my_HHWW_Preselection', selecting objects                              
         'SelectedElectron', with the following                                 
         requirements:                                                          
DEBUG             'pt' : 20.0                            object_selections.py:24
DEBUG             'eta' : 2.4                            object_selections.py:24
DEBUG             'dxy' : 0.045                          object_selections.py:24
DEBUG             'dz' : 0.2                             object_selections.py:24
DEBUG             'id' : WP90                            object_selections.py:24
DEBUG             'dr_photons' : 0.2                     object_selections.py:24
DEBUG             'veto_transition' : True               object_selections.py:24
DEBUG    [select_objects] : Tagger                       object_selections.py:27
         'my_HHWW_Preselection', cross-cleaning objects                         
         'SelectedElectron' with respect to the                                 
         following sets of objects:                                             
DEBUG             'photons', dR > 0.20                   object_selections.py:29
DEBUG    [Tagger] : my_HHWW_Preselection, syst variation :         tagger.py:171
         nominal, cut type : SelectedElectron, cut : pt > 20.0000,              
         efficiency : 0.3150                                                    
DEBUG    [Tagger] : my_HHWW_Preselection, syst variation :         tagger.py:171
         nominal, cut type : SelectedElectron, cut : |eta| <                    
         2.4000, efficiency : 0.9686                                            
DEBUG    [Tagger] : my_HHWW_Preselection, syst variation :         tagger.py:171
         nominal, cut type : SelectedElectron, cut : |dxy| <                    
         0.0450, efficiency : 0.7178                                            
DEBUG    [Tagger] : my_HHWW_Preselection, syst variation :         tagger.py:171
         nominal, cut type : SelectedElectron, cut : |dz| <                     
         0.2000, efficiency : 0.6324                                            
DEBUG    [Tagger] : my_HHWW_Preselection, syst variation :         tagger.py:171
         nominal, cut type : SelectedElectron, cut : dR with                    
         'photons' > 0.20, efficiency : 0.5647                                  
DEBUG    [Tagger] : my_HHWW_Preselection, syst variation :         tagger.py:171
         nominal, cut type : SelectedElectron, cut : standard                   
         object cuts, efficiency : 0.0509                                       
DEBUG    [Tagger] : my_HHWW_Preselection, syst variation :         tagger.py:171
         nominal, cut type : SelectedElectron, cut : id cut,                    
         efficiency : 0.0260                                                    
DEBUG    [Tagger] : my_HHWW_Preselection, syst variation :         tagger.py:171
         nominal, cut type : SelectedElectron, cut : ee-eb                      
         transition, efficiency : 0.9793                                        
DEBUG    [Tagger] : my_HHWW_Preselection, syst variation :         tagger.py:171
         nominal, cut type : SelectedElectron, cut : all cuts,                  
         efficiency : 0.0023                                                    
DEBUG    [select_objects] : Tagger                       object_selections.py:22
         'my_HHWW_Preselection', selecting objects                              
         'SelectedMuon', with the following                                     
         requirements:                                                          
DEBUG             'pt' : 21.0                            object_selections.py:24
DEBUG             'eta' : 2.5                            object_selections.py:24
DEBUG             'dxy' : 0.045                          object_selections.py:24
DEBUG             'dz' : 0.2                             object_selections.py:24
DEBUG             'id' : medium                          object_selections.py:24
DEBUG             'pfRelIso03_all' : 0.3                 object_selections.py:24
DEBUG             'dr_photons' : 0.2                     object_selections.py:24
DEBUG             'global' : True                        object_selections.py:24
DEBUG    [select_objects] : Tagger                       object_selections.py:27
         'my_HHWW_Preselection', cross-cleaning objects                         
         'SelectedMuon' with respect to the following                           
         sets of objects:                                                       
DEBUG             'photons', dR > 0.20                   object_selections.py:29
DEBUG    [Tagger] : my_HHWW_Preselection, syst variation :         tagger.py:171
         nominal, cut type : SelectedMuon, cut : pt > 21.0000,                  
         efficiency : 0.0198                                                    
DEBUG    [Tagger] : my_HHWW_Preselection, syst variation :         tagger.py:171
         nominal, cut type : SelectedMuon, cut : |eta| < 2.5000,                
         efficiency : 0.9990                                                    
DEBUG    [Tagger] : my_HHWW_Preselection, syst variation :         tagger.py:171
         nominal, cut type : SelectedMuon, cut : |dxy| < 0.0450,                
         efficiency : 0.8840                                                    
DEBUG    [Tagger] : my_HHWW_Preselection, syst variation :         tagger.py:171
         nominal, cut type : SelectedMuon, cut : |dz| < 0.2000,                 
         efficiency : 0.4240                                                    
DEBUG    [Tagger] : my_HHWW_Preselection, syst variation :         tagger.py:171
         nominal, cut type : SelectedMuon, cut : pfRelIso03_all <               
         0.3000, efficiency : 0.4368                                            
DEBUG    [Tagger] : my_HHWW_Preselection, syst variation :         tagger.py:171
         nominal, cut type : SelectedMuon, cut : dR with 'photons'              
         > 0.20, efficiency : 0.8625                                            
DEBUG    [Tagger] : my_HHWW_Preselection, syst variation :         tagger.py:171
         nominal, cut type : SelectedMuon, cut : standard object                
         cuts, efficiency : 0.0025                                              
DEBUG    [Tagger] : my_HHWW_Preselection, syst variation :         tagger.py:171
         nominal, cut type : SelectedMuon, cut : id cut,                        
         efficiency : 0.4027                                                    
DEBUG    [Tagger] : my_HHWW_Preselection, syst variation :         tagger.py:171
         nominal, cut type : SelectedMuon, cut : global_muon cut,               
         efficiency : 0.4948                                                    
DEBUG    [Tagger] : my_HHWW_Preselection, syst variation :         tagger.py:171
         nominal, cut type : SelectedMuon, cut : all cuts,                      
         efficiency : 0.0018                                                    
DEBUG    [select_objects] : Tagger                       object_selections.py:22
         'my_HHWW_Preselection', selecting objects                              
         'SelectedFatJet', with the following                                   
         requirements:                                                          
DEBUG             'pt' : 200.0                           object_selections.py:24
DEBUG             'eta' : 2.4                            object_selections.py:24
DEBUG    [select_objects] : Tagger                       object_selections.py:27
         'my_HHWW_Preselection', cross-cleaning objects                         
         'SelectedFatJet' with respect to the following                         
         sets of objects:                                                       
DEBUG             'photons', dR > 0.40                   object_selections.py:29
DEBUG             'electrons', dR > 0.40                 object_selections.py:29
DEBUG             'muons', dR > 0.40                     object_selections.py:29
DEBUG    [Tagger] : my_HHWW_Preselection, syst variation :         tagger.py:171
         nominal, cut type : SelectedFatJet, cut : pt > 200.0000,               
         efficiency : 0.4555                                                    
DEBUG    [Tagger] : my_HHWW_Preselection, syst variation :         tagger.py:171
         nominal, cut type : SelectedFatJet, cut : |eta| < 2.4000,              
         efficiency : 0.9685                                                    
DEBUG    [Tagger] : my_HHWW_Preselection, syst variation :         tagger.py:171
         nominal, cut type : SelectedFatJet, cut : dR with                      
         'photons' > 0.40, efficiency : 0.3510                                  
DEBUG    [Tagger] : my_HHWW_Preselection, syst variation :         tagger.py:171
         nominal, cut type : SelectedFatJet, cut : dR with                      
         'electrons' > 0.40, efficiency : 0.9992                                
DEBUG    [Tagger] : my_HHWW_Preselection, syst variation :         tagger.py:171
         nominal, cut type : SelectedFatJet, cut : dR with 'muons'              
         > 0.40, efficiency : 0.9998                                            
DEBUG    [Tagger] : my_HHWW_Preselection, syst variation :         tagger.py:171
         nominal, cut type : SelectedFatJet, cut : all cuts,                    
         efficiency : 0.1896                                                    
DEBUG    [select_objects] : Tagger                       object_selections.py:22
         'my_HHWW_Preselection', selecting objects                              
         'SelectedJet', with the following requirements:                        
DEBUG             'pt' : 20.0                            object_selections.py:24
DEBUG             'eta' : 2.4                            object_selections.py:24
DEBUG    [select_objects] : Tagger                       object_selections.py:27
         'my_HHWW_Preselection', cross-cleaning objects                         
         'SelectedJet' with respect to the following                            
         sets of objects:                                                       
DEBUG             'photons', dR > 0.40                   object_selections.py:29
DEBUG             'electrons', dR > 0.40                 object_selections.py:29
DEBUG             'muons', dR > 0.40                     object_selections.py:29
DEBUG    [Tagger] : my_HHWW_Preselection, syst variation :         tagger.py:171
         nominal, cut type : SelectedJet, cut : pt > 20.0000,                   
         efficiency : 0.6254                                                    
DEBUG    [Tagger] : my_HHWW_Preselection, syst variation :         tagger.py:171
         nominal, cut type : SelectedJet, cut : |eta| < 2.4000,                 
         efficiency : 0.6269                                                    
DEBUG    [Tagger] : my_HHWW_Preselection, syst variation :         tagger.py:171
         nominal, cut type : SelectedJet, cut : dR with 'photons'               
         > 0.40, efficiency : 0.7269                                            
DEBUG    [Tagger] : my_HHWW_Preselection, syst variation :         tagger.py:171
         nominal, cut type : SelectedJet, cut : dR with                         
         'electrons' > 0.40, efficiency : 0.9999                                
DEBUG    [Tagger] : my_HHWW_Preselection, syst variation :         tagger.py:171
         nominal, cut type : SelectedJet, cut : dR with 'muons' >               
         0.40, efficiency : 1.0000                                              
DEBUG    [Tagger] : my_HHWW_Preselection, syst variation :         tagger.py:171
         nominal, cut type : SelectedJet, cut : all cuts,                       
         efficiency : 0.1747                                                    
DEBUG    [Tagger] : my_HHWW_Preselection, syst variation :         tagger.py:171
         nominal, cut type : event, cut : Photon Selection,                     
         efficiency : 0.2780                                                    
DEBUG    [Tagger] : my_HHWW_Preselection, syst variation :         tagger.py:171
         nominal, cut type : event, cut : Lepton Selection,                     
         efficiency : 0.2777                                                    
DEBUG    [Tagger] : my_HHWW_Preselection, syst variation :         tagger.py:171
         nominal, cut type : event, cut : OnlyFourJet_category,                 
         efficiency : 0.0183                                                    
DEBUG    [Tagger] my_HHWW_Preselection : event set : nominal :      tagger.py:68
         313091 (5719) events before (after) selection                          
WARNING  [AnalysisManager : write_events] Branch                 analysis.py:512
         'MET_fiducialGenPhi' was not found in events array.                    
         This may be expected (e.g. gen info for a data file),                  
         but please ensure this makes sense to you.                             
WARNING  [AnalysisManager : write_events] Branch                 analysis.py:512
         'MET_fiducialGenPt' was not found in events array. This                
         may be expected (e.g. gen info for a data file), but                   
         please ensure this makes sense to you.                                 
WARNING  [AnalysisManager : write_events] Branch '('LeadPhoton', analysis.py:512
         'genPartFlav')' was not found in events array. This may                
         be expected (e.g. gen info for a data file), but please                
         ensure this makes sense to you.                                        
WARNING  [AnalysisManager : write_events] Branch                 analysis.py:512
         '('SubleadPhoton', 'genPartFlav')' was not found in                    
         events array. This may be expected (e.g. gen info for a                
         data file), but please ensure this makes sense to you.                 
WARNING  [AnalysisManager : write_events] Branch                 analysis.py:512
         '('SelectedJet', 'genJetIdx')' was not found in events                 
         array. This may be expected (e.g. gen info for a data                  
         file), but please ensure this makes sense to you.                      
WARNING  [AnalysisManager : write_events] Branch                 analysis.py:512
         '('SelectedJet', 'hadronFlavour')' was not found in                    
         events array. This may be expected (e.g. gen info for a                
         data file), but please ensure this makes sense to you.                 
WARNING  [AnalysisManager : write_events] Branch                 analysis.py:512
         '('SelectedJet', 'partonFlavour')' was not found in                    
         events array. This may be expected (e.g. gen info for a                
         data file), but please ensure this makes sense to you.                 
WARNING  [AnalysisManager : write_events] Branch                 analysis.py:512
         'fatjet_1_genJetAK8Idx' was not found in events array.                 
         This may be expected (e.g. gen info for a data file),                  
         but please ensure this makes sense to you.                             
WARNING  [AnalysisManager : write_events] Branch                 analysis.py:512
         'fatjet_1_hadronFlavour' was not found in events array.                
         This may be expected (e.g. gen info for a data file),                  
         but please ensure this makes sense to you.                             
WARNING  [AnalysisManager : write_events] Branch                 analysis.py:512
         'fatjet_1_nBHadrons' was not found in events array.                    
         This may be expected (e.g. gen info for a data file),                  
         but please ensure this makes sense to you.                             
WARNING  [AnalysisManager : write_events] Branch                 analysis.py:512
         'fatjet_1_nCHadrons' was not found in events array.                    
         This may be expected (e.g. gen info for a data file),                  
         but please ensure this makes sense to you.                             
WARNING  [AnalysisManager : write_events] Branch                 analysis.py:512
         'fatjet_1_particleNetMD_QCD' was not found in events                   
         array. This may be expected (e.g. gen info for a data                  
         file), but please ensure this makes sense to you.                      
WARNING  [AnalysisManager : write_events] Branch                 analysis.py:512
         'fatjet_1_particleNetMD_Xbb' was not found in events                   
         array. This may be expected (e.g. gen info for a data                  
         file), but please ensure this makes sense to you.                      
WARNING  [AnalysisManager : write_events] Branch                 analysis.py:512
         'fatjet_1_particleNetMD_Xcc' was not found in events                   
         array. This may be expected (e.g. gen info for a data                  
         file), but please ensure this makes sense to you.                      
WARNING  [AnalysisManager : write_events] Branch                 analysis.py:512
         'fatjet_1_particleNetMD_Xqq' was not found in events                   
         array. This may be expected (e.g. gen info for a data                  
         file), but please ensure this makes sense to you.                      
WARNING  [AnalysisManager : write_events] Branch                 analysis.py:512
         'fatjet_1_particleNet_H4qvsQCD' was not found in events                
         array. This may be expected (e.g. gen info for a data                  
         file), but please ensure this makes sense to you.                      
WARNING  [AnalysisManager : write_events] Branch                 analysis.py:512
         'fatjet_1_particleNet_HbbvsQCD' was not found in events                
         array. This may be expected (e.g. gen info for a data                  
         file), but please ensure this makes sense to you.                      
WARNING  [AnalysisManager : write_events] Branch                 analysis.py:512
         'fatjet_1_particleNet_HccvsQCD' was not found in events                
         array. This may be expected (e.g. gen info for a data                  
         file), but please ensure this makes sense to you.                      
WARNING  [AnalysisManager : write_events] Branch                 analysis.py:512
         'fatjet_1_particleNet_QCD' was not found in events                     
         array. This may be expected (e.g. gen info for a data                  
         file), but please ensure this makes sense to you.                      
WARNING  [AnalysisManager : write_events] Branch                 analysis.py:512
         'fatjet_1_particleNet_TvsQCD' was not found in events                  
         array. This may be expected (e.g. gen info for a data                  
         file), but please ensure this makes sense to you.                      
WARNING  [AnalysisManager : write_events] Branch                 analysis.py:512
         'fatjet_1_particleNet_WvsQCD' was not found in events                  
         array. This may be expected (e.g. gen info for a data                  
         file), but please ensure this makes sense to you.                      
WARNING  [AnalysisManager : write_events] Branch                 analysis.py:512
         'fatjet_1_particleNet_ZvsQCD' was not found in events                  
         array. This may be expected (e.g. gen info for a data                  
         file), but please ensure this makes sense to you.                      
WARNING  [AnalysisManager : write_events] Branch                 analysis.py:512
         'fatjet_2_genJetAK8Idx' was not found in events array.                 
         This may be expected (e.g. gen info for a data file),                  
         but please ensure this makes sense to you.                             
WARNING  [AnalysisManager : write_events] Branch                 analysis.py:512
         'fatjet_2_hadronFlavour' was not found in events array.                
         This may be expected (e.g. gen info for a data file),                  
         but please ensure this makes sense to you.                             
WARNING  [AnalysisManager : write_events] Branch                 analysis.py:512
         'fatjet_2_nBHadrons' was not found in events array.                    
         This may be expected (e.g. gen info for a data file),                  
         but please ensure this makes sense to you.                             
WARNING  [AnalysisManager : write_events] Branch                 analysis.py:512
         'fatjet_2_nCHadrons' was not found in events array.                    
         This may be expected (e.g. gen info for a data file),                  
         but please ensure this makes sense to you.                             
WARNING  [AnalysisManager : write_events] Branch                 analysis.py:512
         'fatjet_2_particleNetMD_QCD' was not found in events                   
         array. This may be expected (e.g. gen info for a data                  
         file), but please ensure this makes sense to you.                      
WARNING  [AnalysisManager : write_events] Branch                 analysis.py:512
         'fatjet_2_particleNetMD_Xbb' was not found in events                   
         array. This may be expected (e.g. gen info for a data                  
         file), but please ensure this makes sense to you.                      
WARNING  [AnalysisManager : write_events] Branch                 analysis.py:512
         'fatjet_2_particleNetMD_Xcc' was not found in events                   
         array. This may be expected (e.g. gen info for a data                  
         file), but please ensure this makes sense to you.                      
WARNING  [AnalysisManager : write_events] Branch                 analysis.py:512
         'fatjet_2_particleNetMD_Xqq' was not found in events                   
         array. This may be expected (e.g. gen info for a data                  
         file), but please ensure this makes sense to you.                      
WARNING  [AnalysisManager : write_events] Branch                 analysis.py:512
         'fatjet_2_particleNet_H4qvsQCD' was not found in events                
         array. This may be expected (e.g. gen info for a data                  
         file), but please ensure this makes sense to you.                      
WARNING  [AnalysisManager : write_events] Branch                 analysis.py:512
         'fatjet_2_particleNet_HbbvsQCD' was not found in events                
         array. This may be expected (e.g. gen info for a data                  
         file), but please ensure this makes sense to you.                      
WARNING  [AnalysisManager : write_events] Branch                 analysis.py:512
         'fatjet_2_particleNet_HccvsQCD' was not found in events                
         array. This may be expected (e.g. gen info for a data                  
         file), but please ensure this makes sense to you.                      
WARNING  [AnalysisManager : write_events] Branch                 analysis.py:512
         'fatjet_2_particleNet_QCD' was not found in events                     
         array. This may be expected (e.g. gen info for a data                  
         file), but please ensure this makes sense to you.                      
WARNING  [AnalysisManager : write_events] Branch                 analysis.py:512
         'fatjet_2_particleNet_TvsQCD' was not found in events                  
         array. This may be expected (e.g. gen info for a data                  
         file), but please ensure this makes sense to you.                      
WARNING  [AnalysisManager : write_events] Branch                 analysis.py:512
         'fatjet_2_particleNet_WvsQCD' was not found in events                  
         array. This may be expected (e.g. gen info for a data                  
         file), but please ensure this makes sense to you.                      
WARNING  [AnalysisManager : write_events] Branch                 analysis.py:512
         'fatjet_2_particleNet_ZvsQCD' was not found in events                  
         array. This may be expected (e.g. gen info for a data                  
         file), but please ensure this makes sense to you.                      
WARNING  [AnalysisManager : write_events] Branch                 analysis.py:512
         'fatjet_3_genJetAK8Idx' was not found in events array.                 
         This may be expected (e.g. gen info for a data file),                  
         but please ensure this makes sense to you.                             
WARNING  [AnalysisManager : write_events] Branch                 analysis.py:512
         'fatjet_3_hadronFlavour' was not found in events array.                
         This may be expected (e.g. gen info for a data file),                  
         but please ensure this makes sense to you.                             
WARNING  [AnalysisManager : write_events] Branch                 analysis.py:512
         'fatjet_3_nBHadrons' was not found in events array.                    
         This may be expected (e.g. gen info for a data file),                  
         but please ensure this makes sense to you.                             
WARNING  [AnalysisManager : write_events] Branch                 analysis.py:512
         'fatjet_3_nCHadrons' was not found in events array.                    
         This may be expected (e.g. gen info for a data file),                  
         but please ensure this makes sense to you.                             
WARNING  [AnalysisManager : write_events] Branch                 analysis.py:512
         'fatjet_3_particleNetMD_QCD' was not found in events                   
         array. This may be expected (e.g. gen info for a data                  
         file), but please ensure this makes sense to you.                      
WARNING  [AnalysisManager : write_events] Branch                 analysis.py:512
         'fatjet_3_particleNetMD_Xbb' was not found in events                   
         array. This may be expected (e.g. gen info for a data                  
         file), but please ensure this makes sense to you.                      
WARNING  [AnalysisManager : write_events] Branch                 analysis.py:512
         'fatjet_3_particleNetMD_Xcc' was not found in events                   
         array. This may be expected (e.g. gen info for a data                  
         file), but please ensure this makes sense to you.                      
WARNING  [AnalysisManager : write_events] Branch                 analysis.py:512
         'fatjet_3_particleNetMD_Xqq' was not found in events                   
         array. This may be expected (e.g. gen info for a data                  
         file), but please ensure this makes sense to you.                      
WARNING  [AnalysisManager : write_events] Branch                 analysis.py:512
         'fatjet_3_particleNet_H4qvsQCD' was not found in events                
         array. This may be expected (e.g. gen info for a data                  
         file), but please ensure this makes sense to you.                      
WARNING  [AnalysisManager : write_events] Branch                 analysis.py:512
         'fatjet_3_particleNet_HbbvsQCD' was not found in events                
         array. This may be expected (e.g. gen info for a data                  
         file), but please ensure this makes sense to you.                      
WARNING  [AnalysisManager : write_events] Branch                 analysis.py:512
         'fatjet_3_particleNet_HccvsQCD' was not found in events                
         array. This may be expected (e.g. gen info for a data                  
         file), but please ensure this makes sense to you.                      
WARNING  [AnalysisManager : write_events] Branch                 analysis.py:512
         'fatjet_3_particleNet_QCD' was not found in events                     
         array. This may be expected (e.g. gen info for a data                  
         file), but please ensure this makes sense to you.                      
WARNING  [AnalysisManager : write_events] Branch                 analysis.py:512
         'fatjet_3_particleNet_TvsQCD' was not found in events                  
         array. This may be expected (e.g. gen info for a data                  
         file), but please ensure this makes sense to you.                      
WARNING  [AnalysisManager : write_events] Branch                 analysis.py:512
         'fatjet_3_particleNet_WvsQCD' was not found in events                  
         array. This may be expected (e.g. gen info for a data                  
         file), but please ensure this makes sense to you.                      
WARNING  [AnalysisManager : write_events] Branch                 analysis.py:512
         'fatjet_3_particleNet_ZvsQCD' was not found in events                  
         array. This may be expected (e.g. gen info for a data                  
         file), but please ensure this makes sense to you.                      
WARNING  [AnalysisManager : write_events] Branch                 analysis.py:512
         'GenHggHiggs_pt' was not found in events array. This                   
         may be expected (e.g. gen info for a data file), but                   
         please ensure this makes sense to you.                                 
WARNING  [AnalysisManager : write_events] Branch                 analysis.py:512
         'GenHggHiggs_eta' was not found in events array. This                  
         may be expected (e.g. gen info for a data file), but                   
         please ensure this makes sense to you.                                 
WARNING  [AnalysisManager : write_events] Branch                 analysis.py:512
         'GenHggHiggs_phi' was not found in events array. This                  
         may be expected (e.g. gen info for a data file), but                   
         please ensure this makes sense to you.                                 
WARNING  [AnalysisManager : write_events] Branch                 analysis.py:512
         'GenHggHiggs_mass' was not found in events array. This                 
         may be expected (e.g. gen info for a data file), but                   
         please ensure this makes sense to you.                                 
WARNING  [AnalysisManager : write_events] Branch                 analysis.py:512
         'GenHggHiggs_dR' was not found in events array. This                   
         may be expected (e.g. gen info for a data file), but                   
         please ensure this makes sense to you.                                 
DEBUG    [AnalysisManager : write_events] Writing output file '/ analysis.py:523
         eos/user/z/zhenxuan/hhwwgg/DoubleEG_Run2017F_2017/job_4                
         /output_job_4_nominal.parquet'.                                        
