DEBUG    [AnalysisManager : load_events] Loaded 1996400 events   analysis.py:476
         from file 'root://cms-xrd-global.cern.ch//store/data/Ru                
         n2017C/DoubleEG/NANOAOD/02Apr2020-v1/40000/948E39EF-100                
         4-FC43-8834-57D6F1DFA02F.root'.                                        
DEBUG    [AnalysisManager : load_events] Loaded 885474 events    analysis.py:476
         from file 'root://cms-xrd-global.cern.ch//store/data/Ru                
         n2017C/DoubleEG/NANOAOD/02Apr2020-v1/40000/99B26A64-F58                
         7-A44A-8E97-88BA85A67E05.root'.                                        
DEBUG    [AnalysisManager : load_events] Loaded 1192148 events   analysis.py:476
         from file 'root://cms-xrd-global.cern.ch//store/data/Ru                
         n2017C/DoubleEG/NANOAOD/02Apr2020-v1/40000/9B34001D-44D                
         2-2349-9833-B48952E0BCBC.root'.                                        
DEBUG    [AnalysisManager : load_events] Loaded 711655 events    analysis.py:476
         from file 'root://cms-xrd-global.cern.ch//store/data/Ru                
         n2017C/DoubleEG/NANOAOD/02Apr2020-v1/40000/B45C4BA8-F0F                
         6-8148-AEAF-D4D0BC03B53B.root'.                                        
DEBUG    [AnalysisManager : load_events] Loaded 981120 events    analysis.py:476
         from file 'root://cms-xrd-global.cern.ch//store/data/Ru                
         n2017C/DoubleEG/NANOAOD/02Apr2020-v1/40000/BB24CB50-FCC                
         F-C145-B4BC-0E349FABC16E.root'.                                        
DEBUG    [AnalysisManager : load_events] Loaded 622114 events    analysis.py:476
         from file 'root://cms-xrd-global.cern.ch//store/data/Ru                
         n2017C/DoubleEG/NANOAOD/02Apr2020-v1/40000/BE8C2D22-8F2                
         A-ED4A-A4AE-D7218DE2964D.root'.                                        
DEBUG    [AnalysisManager : load_events] Loaded 196609 events    analysis.py:476
         from file 'root://cms-xrd-global.cern.ch//store/data/Ru                
         n2017C/DoubleEG/NANOAOD/02Apr2020-v1/40000/C119E510-8BD                
         B-CD4D-A64A-386F6EF16E00.root'.                                        
DEBUG    [AnalysisManager : load_events] Loaded 1455816 events   analysis.py:476
         from file 'root://cms-xrd-global.cern.ch//store/data/Ru                
         n2017C/DoubleEG/NANOAOD/02Apr2020-v1/40000/C2D31CBC-A55                
         8-C544-9072-C4B3B4B6D836.root'.                                        
