Traceback (most recent call last):
  File "/eos/user/z/zhenxuan/hhwwgg/TTToHadronic_2017/job_25/TTToHadronic_2017_executable_job25.py", line 4, in <module>
    from higgs_dna.analysis import run_analysis
  File "/afs/cern.ch/user/z/zhenxuan/HiggsDNA/higgs_dna/analysis.py", line 18, in <module>
    from higgs_dna.job_management.managers import LocalManager, CondorManager
  File "/afs/cern.ch/user/z/zhenxuan/HiggsDNA/higgs_dna/job_management/managers.py", line 22, in <module>
    import enlighten
  File "/eos/user/z/zhenxuan/higgs-dna/lib/python3.10/site-packages/enlighten/__init__.py", line 14, in <module>
    from enlighten.counter import Counter, StatusBar, SubCounter
  File "/eos/user/z/zhenxuan/higgs-dna/lib/python3.10/site-packages/enlighten/counter.py", line 16, in <module>
    from enlighten._counter import Counter as _Counter
  File "/eos/user/z/zhenxuan/higgs-dna/lib/python3.10/site-packages/enlighten/_counter.py", line 23, in <module>
    from enlighten._basecounter import BaseCounter, PrintableCounter
  File "/eos/user/z/zhenxuan/higgs-dna/lib/python3.10/site-packages/enlighten/_basecounter.py", line 16, in <module>
    from enlighten._util import BASESTRING
  File "/eos/user/z/zhenxuan/higgs-dna/lib/python3.10/site-packages/enlighten/_util.py", line 22, in <module>
    from blessed.colorspace import RGB_256TABLE
  File "/eos/user/z/zhenxuan/higgs-dna/lib/python3.10/site-packages/blessed/__init__.py", line 14, in <module>
    from blessed.terminal import Terminal  # type: ignore
  File "/eos/user/z/zhenxuan/higgs-dna/lib/python3.10/site-packages/blessed/terminal.py", line 20, in <module>
    from .color import COLOR_DISTANCE_ALGORITHMS
  File "<frozen importlib._bootstrap>", line 1027, in _find_and_load
  File "<frozen importlib._bootstrap>", line 1006, in _find_and_load_unlocked
  File "<frozen importlib._bootstrap>", line 688, in _load_unlocked
  File "<frozen importlib._bootstrap_external>", line 879, in exec_module
  File "<frozen importlib._bootstrap_external>", line 1016, in get_code
  File "<frozen importlib._bootstrap_external>", line 1074, in get_data
OSError: [Errno 5] Input/output error
