Traceback (most recent call last):
  File "/eos/user/z/zhenxuan/hhwwgg/QCD_HT1000to1500_2017/job_1/QCD_HT1000to1500_2017_executable_job1.py", line 4, in <module>
    from higgs_dna.analysis import run_analysis
  File "/afs/cern.ch/user/z/zhenxuan/HiggsDNA/higgs_dna/analysis.py", line 10, in <module>
    import uproot
  File "/eos/user/z/zhenxuan/higgs-dna/lib/python3.10/site-packages/uproot/__init__.py", line 78, in <module>
    import uproot.extras
  File "/eos/user/z/zhenxuan/higgs-dna/lib/python3.10/site-packages/uproot/extras.py", line 17, in <module>
    from uproot._util import parse_version
  File "/eos/user/z/zhenxuan/higgs-dna/lib/python3.10/site-packages/uproot/_util.py", line 19, in <module>
    import setuptools
  File "/eos/user/z/zhenxuan/higgs-dna/lib/python3.10/site-packages/setuptools/__init__.py", line 18, in <module>
    from setuptools.dist import Distribution
  File "/eos/user/z/zhenxuan/higgs-dna/lib/python3.10/site-packages/setuptools/dist.py", line 33, in <module>
    from setuptools.extern import nspektr
  File "/eos/user/z/zhenxuan/higgs-dna/lib/python3.10/site-packages/setuptools/extern/__init__.py", line 52, in create_module
    return self.load_module(spec.name)
  File "/eos/user/z/zhenxuan/higgs-dna/lib/python3.10/site-packages/setuptools/extern/__init__.py", line 44, in load_module
    raise ImportError(
ImportError: The 'nspektr' package is required; normally this is bundled with this package so if you get this warning, consult the packager of your distribution.
