DEBUG    [AnalysisManager : load_events] Loaded 1293531 events   analysis.py:476
         from file 'root://cms-xrd-global.cern.ch//store/data/Ru                
         n2017F/DoubleEG/NANOAOD/02Apr2020-v1/50000/316863CF-00B                
         3-BE42-A972-470BBB03C79F.root'.                                        
DEBUG    [AnalysisManager : load_events] Loaded 782919 events    analysis.py:476
         from file 'root://cms-xrd-global.cern.ch//store/data/Ru                
         n2017F/DoubleEG/NANOAOD/02Apr2020-v1/50000/34280841-49C                
         E-A54B-A3D3-27619E78CC8D.root'.                                        
DEBUG    [AnalysisManager : load_events] Loaded 556594 events    analysis.py:476
         from file 'root://cms-xrd-global.cern.ch//store/data/Ru                
         n2017F/DoubleEG/NANOAOD/02Apr2020-v1/50000/38DE403C-A0A                
         3-704E-AF26-F30EEFCE1FC8.root'.                                        
DEBUG    [AnalysisManager : load_events] Loaded 1065009 events   analysis.py:476
         from file 'root://cms-xrd-global.cern.ch//store/data/Ru                
         n2017F/DoubleEG/NANOAOD/02Apr2020-v1/50000/3CC91347-71B                
         7-494E-B2F6-63BEA4FB0ADD.root'.                                        
DEBUG    [AnalysisManager : load_events] Loaded 1059503 events   analysis.py:476
         from file 'root://cms-xrd-global.cern.ch//store/data/Ru                
         n2017F/DoubleEG/NANOAOD/02Apr2020-v1/50000/45C98AA8-388                
         8-5449-921C-24273EC3DAE7.root'.                                        
DEBUG    [AnalysisManager : load_events] Loaded 1604880 events   analysis.py:476
         from file 'root://cms-xrd-global.cern.ch//store/data/Ru                
         n2017F/DoubleEG/NANOAOD/02Apr2020-v1/50000/46B0CA46-F5A                
         A-6843-8B63-0AFEFD6EB4E0.root'.                                        
DEBUG    [AnalysisManager : load_events] Loaded 605285 events    analysis.py:476
         from file 'root://cms-xrd-global.cern.ch//store/data/Ru                
         n2017F/DoubleEG/NANOAOD/02Apr2020-v1/50000/482A0141-B4E                
         4-674C-9A74-78FD272C9C71.root'.                                        
DEBUG    [AnalysisManager : load_events] Loaded 2060510 events   analysis.py:476
         from file 'root://cms-xrd-global.cern.ch//store/data/Ru                
         n2017F/DoubleEG/NANOAOD/02Apr2020-v1/50000/4C873185-CAA                
         9-0040-A29C-DE34CF4567E9.root'.                                        
DEBUG    [AnalysisManager : load_events] Loaded 865345 events    analysis.py:476
         from file 'root://cms-xrd-global.cern.ch//store/data/Ru                
         n2017F/DoubleEG/NANOAOD/02Apr2020-v1/50000/4E68F3CA-2E1                
         C-0B44-B2CB-C22D804320B9.root'.                                        
DEBUG    [AnalysisManager : load_events] Loaded 1719739 events   analysis.py:476
         from file 'root://cms-xrd-global.cern.ch//store/data/Ru                
         n2017F/DoubleEG/NANOAOD/02Apr2020-v1/50000/51E8C0EC-319                
         2-8E49-AE28-A9119D481363.root'.                                        
INFO     [TagSequence : __init__] Creating tag sequence with  tag_sequence.py:37
         the following tags and priority:                                       
INFO     [TagSequence : __init__] The 0-th tag set has        tag_sequence.py:59
         taggers ['diphoton_tagger'] (listed in order                           
         priority will be given).                                               
INFO     [TagSequence : __init__] The 1-th tag set has        tag_sequence.py:59
         taggers ['my_HHWW_Preselection'] (listed in order                      
         priority will be given).                                               
INFO     For all tags, performing selection on the following  tag_sequence.py:94
         sets of events, each corresponding to a separate                       
         independent collection.                                                
INFO             nominal                                      tag_sequence.py:96
DEBUG    [Tagger] : diphoton_tagger, syst variation : nominal, cut tagger.py:171
         type : photon, cut : pt, efficiency : 0.9997                           
DEBUG    [Tagger] : diphoton_tagger, syst variation : nominal, cut tagger.py:171
         type : photon, cut : eta, efficiency : 0.9152                          
DEBUG    [Tagger] : diphoton_tagger, syst variation : nominal, cut tagger.py:171
         type : photon, cut : e_veto, efficiency : 0.6741                       
DEBUG    [Tagger] : diphoton_tagger, syst variation : nominal, cut tagger.py:171
         type : photon, cut : r9, efficiency : 0.9512                           
DEBUG    [Tagger] : diphoton_tagger, syst variation : nominal, cut tagger.py:171
         type : photon, cut : hoe, efficiency : 0.7805                          
DEBUG    [Tagger] : diphoton_tagger, syst variation : nominal, cut tagger.py:171
         type : photon, cut : hlt, efficiency : 1.0000                          
DEBUG    [Tagger] : diphoton_tagger, syst variation : nominal, cut tagger.py:171
         type : photon, cut : all, efficiency : 0.3452                          
DEBUG    [Tagger] : diphoton_tagger, syst variation : nominal, cut tagger.py:171
         type : diphoton, cut : lead pt cut, efficiency : 0.7664                
DEBUG    [Tagger] : diphoton_tagger, syst variation : nominal, cut tagger.py:171
         type : diphoton, cut : lead pt mgg cut, efficiency :                   
         0.9407                                                                 
DEBUG    [Tagger] : diphoton_tagger, syst variation : nominal, cut tagger.py:171
         type : diphoton, cut : sublead pt mgg cut, efficiency :                
         0.8157                                                                 
DEBUG    [Tagger] : diphoton_tagger, syst variation : nominal, cut tagger.py:171
         type : diphoton, cut : mass cut, efficiency : 0.2284                   
DEBUG    [Tagger] : diphoton_tagger, syst variation : nominal, cut tagger.py:171
         type : diphoton, cut : all cuts, efficiency : 0.1306                   
DEBUG    [DiphotonTagger : produce_and_select_diphotons]  diphoton_tagger.py:190
         diphoton_tagger, selecting the highest pt_sum                          
         diphoton pair from each event.                                         
DEBUG    [DiphotonTagger : produce_and_select_diphotons]  diphoton_tagger.py:196
         diphoton_tagger, syst variation : nominal.                             
         Number of total diphoton candidates: 409689,                           
         number of diphoton candidates after selecting                          
         candidate with highest pt sum in each event:                           
         396828 (3.14 percent of diphoton events                                
         removed).                                                              
DEBUG    [Tagger] : diphoton_tagger, syst variation : nominal, cut tagger.py:171
         type : event, cut : At least 1 diphoton pair, efficiency               
         : 0.0342                                                               
DEBUG    [Tagger] : diphoton_tagger, syst variation : nominal, cut tagger.py:171
         type : event, cut : HLT Trigger, efficiency : 0.7385                   
DEBUG    [Tagger] : diphoton_tagger, syst variation : nominal, cut tagger.py:171
         type : event, cut : all, efficiency : 0.7385                           
DEBUG    [DiphotonTagger] diphoton_tagger, syst variation diphoton_tagger.py:236
         : nominal, total time to execute                                       
         select_diphotons: 121.817023 s                                         
DEBUG    [Tagger] diphoton_tagger : event set : nominal : 11613315  tagger.py:68
         (293065) events before (after) selection                               
DEBUG    [select_objects] : Tagger                       object_selections.py:22
         'my_HHWW_Preselection', selecting objects                              
         'SelectedElectron', with the following                                 
         requirements:                                                          
DEBUG             'pt' : 20.0                            object_selections.py:24
DEBUG             'eta' : 2.4                            object_selections.py:24
DEBUG             'dxy' : 0.045                          object_selections.py:24
DEBUG             'dz' : 0.2                             object_selections.py:24
DEBUG             'id' : WP90                            object_selections.py:24
DEBUG             'dr_photons' : 0.2                     object_selections.py:24
DEBUG             'veto_transition' : True               object_selections.py:24
DEBUG    [select_objects] : Tagger                       object_selections.py:27
         'my_HHWW_Preselection', cross-cleaning objects                         
         'SelectedElectron' with respect to the                                 
         following sets of objects:                                             
DEBUG             'photons', dR > 0.20                   object_selections.py:29
DEBUG    [Tagger] : my_HHWW_Preselection, syst variation :         tagger.py:171
         nominal, cut type : SelectedElectron, cut : pt > 20.0000,              
         efficiency : 0.3093                                                    
DEBUG    [Tagger] : my_HHWW_Preselection, syst variation :         tagger.py:171
         nominal, cut type : SelectedElectron, cut : |eta| <                    
         2.4000, efficiency : 0.9675                                            
DEBUG    [Tagger] : my_HHWW_Preselection, syst variation :         tagger.py:171
         nominal, cut type : SelectedElectron, cut : |dxy| <                    
         0.0450, efficiency : 0.7155                                            
DEBUG    [Tagger] : my_HHWW_Preselection, syst variation :         tagger.py:171
         nominal, cut type : SelectedElectron, cut : |dz| <                     
         0.2000, efficiency : 0.6103                                            
DEBUG    [Tagger] : my_HHWW_Preselection, syst variation :         tagger.py:171
         nominal, cut type : SelectedElectron, cut : dR with                    
         'photons' > 0.20, efficiency : 0.5773                                  
DEBUG    [Tagger] : my_HHWW_Preselection, syst variation :         tagger.py:171
         nominal, cut type : SelectedElectron, cut : standard                   
         object cuts, efficiency : 0.0508                                       
DEBUG    [Tagger] : my_HHWW_Preselection, syst variation :         tagger.py:171
         nominal, cut type : SelectedElectron, cut : id cut,                    
         efficiency : 0.0255                                                    
DEBUG    [Tagger] : my_HHWW_Preselection, syst variation :         tagger.py:171
         nominal, cut type : SelectedElectron, cut : ee-eb                      
         transition, efficiency : 0.9783                                        
DEBUG    [Tagger] : my_HHWW_Preselection, syst variation :         tagger.py:171
         nominal, cut type : SelectedElectron, cut : all cuts,                  
         efficiency : 0.0025                                                    
DEBUG    [select_objects] : Tagger                       object_selections.py:22
         'my_HHWW_Preselection', selecting objects                              
         'SelectedMuon', with the following                                     
         requirements:                                                          
DEBUG             'pt' : 21.0                            object_selections.py:24
DEBUG             'eta' : 2.5                            object_selections.py:24
DEBUG             'dxy' : 0.045                          object_selections.py:24
DEBUG             'dz' : 0.2                             object_selections.py:24
DEBUG             'id' : medium                          object_selections.py:24
DEBUG             'pfRelIso03_all' : 0.3                 object_selections.py:24
DEBUG             'dr_photons' : 0.2                     object_selections.py:24
DEBUG             'global' : True                        object_selections.py:24
DEBUG    [select_objects] : Tagger                       object_selections.py:27
         'my_HHWW_Preselection', cross-cleaning objects                         
         'SelectedMuon' with respect to the following                           
         sets of objects:                                                       
DEBUG             'photons', dR > 0.20                   object_selections.py:29
DEBUG    [Tagger] : my_HHWW_Preselection, syst variation :         tagger.py:171
         nominal, cut type : SelectedMuon, cut : pt > 21.0000,                  
         efficiency : 0.0187                                                    
DEBUG    [Tagger] : my_HHWW_Preselection, syst variation :         tagger.py:171
         nominal, cut type : SelectedMuon, cut : |eta| < 2.5000,                
         efficiency : 0.9988                                                    
DEBUG    [Tagger] : my_HHWW_Preselection, syst variation :         tagger.py:171
         nominal, cut type : SelectedMuon, cut : |dxy| < 0.0450,                
         efficiency : 0.8849                                                    
DEBUG    [Tagger] : my_HHWW_Preselection, syst variation :         tagger.py:171
         nominal, cut type : SelectedMuon, cut : |dz| < 0.2000,                 
         efficiency : 0.4079                                                    
DEBUG    [Tagger] : my_HHWW_Preselection, syst variation :         tagger.py:171
         nominal, cut type : SelectedMuon, cut : pfRelIso03_all <               
         0.3000, efficiency : 0.4475                                            
DEBUG    [Tagger] : my_HHWW_Preselection, syst variation :         tagger.py:171
         nominal, cut type : SelectedMuon, cut : dR with 'photons'              
         > 0.20, efficiency : 0.8653                                            
DEBUG    [Tagger] : my_HHWW_Preselection, syst variation :         tagger.py:171
         nominal, cut type : SelectedMuon, cut : standard object                
         cuts, efficiency : 0.0027                                              
DEBUG    [Tagger] : my_HHWW_Preselection, syst variation :         tagger.py:171
         nominal, cut type : SelectedMuon, cut : id cut,                        
         efficiency : 0.3967                                                    
DEBUG    [Tagger] : my_HHWW_Preselection, syst variation :         tagger.py:171
         nominal, cut type : SelectedMuon, cut : global_muon cut,               
         efficiency : 0.4837                                                    
DEBUG    [Tagger] : my_HHWW_Preselection, syst variation :         tagger.py:171
         nominal, cut type : SelectedMuon, cut : all cuts,                      
         efficiency : 0.0020                                                    
DEBUG    [select_objects] : Tagger                       object_selections.py:22
         'my_HHWW_Preselection', selecting objects                              
         'SelectedFatJet', with the following                                   
         requirements:                                                          
DEBUG             'pt' : 200.0                           object_selections.py:24
DEBUG             'eta' : 2.4                            object_selections.py:24
DEBUG    [select_objects] : Tagger                       object_selections.py:27
         'my_HHWW_Preselection', cross-cleaning objects                         
         'SelectedFatJet' with respect to the following                         
         sets of objects:                                                       
DEBUG             'photons', dR > 0.40                   object_selections.py:29
DEBUG             'electrons', dR > 0.40                 object_selections.py:29
DEBUG             'muons', dR > 0.40                     object_selections.py:29
DEBUG    [Tagger] : my_HHWW_Preselection, syst variation :         tagger.py:171
         nominal, cut type : SelectedFatJet, cut : pt > 200.0000,               
         efficiency : 0.4427                                                    
DEBUG    [Tagger] : my_HHWW_Preselection, syst variation :         tagger.py:171
         nominal, cut type : SelectedFatJet, cut : |eta| < 2.4000,              
         efficiency : 0.9576                                                    
DEBUG    [Tagger] : my_HHWW_Preselection, syst variation :         tagger.py:171
         nominal, cut type : SelectedFatJet, cut : dR with                      
         'photons' > 0.40, efficiency : 0.3461                                  
DEBUG    [Tagger] : my_HHWW_Preselection, syst variation :         tagger.py:171
         nominal, cut type : SelectedFatJet, cut : dR with                      
         'electrons' > 0.40, efficiency : 0.9990                                
DEBUG    [Tagger] : my_HHWW_Preselection, syst variation :         tagger.py:171
         nominal, cut type : SelectedFatJet, cut : dR with 'muons'              
         > 0.40, efficiency : 0.9995                                            
DEBUG    [Tagger] : my_HHWW_Preselection, syst variation :         tagger.py:171
         nominal, cut type : SelectedFatJet, cut : all cuts,                    
         efficiency : 0.1826                                                    
DEBUG    [select_objects] : Tagger                       object_selections.py:22
         'my_HHWW_Preselection', selecting objects                              
         'SelectedJet', with the following requirements:                        
DEBUG             'pt' : 20.0                            object_selections.py:24
DEBUG             'eta' : 2.4                            object_selections.py:24
DEBUG    [select_objects] : Tagger                       object_selections.py:27
         'my_HHWW_Preselection', cross-cleaning objects                         
         'SelectedJet' with respect to the following                            
         sets of objects:                                                       
DEBUG             'photons', dR > 0.40                   object_selections.py:29
DEBUG             'electrons', dR > 0.40                 object_selections.py:29
DEBUG             'muons', dR > 0.40                     object_selections.py:29
DEBUG    [Tagger] : my_HHWW_Preselection, syst variation :         tagger.py:171
         nominal, cut type : SelectedJet, cut : pt > 20.0000,                   
         efficiency : 0.6153                                                    
DEBUG    [Tagger] : my_HHWW_Preselection, syst variation :         tagger.py:171
         nominal, cut type : SelectedJet, cut : |eta| < 2.4000,                 
         efficiency : 0.6185                                                    
DEBUG    [Tagger] : my_HHWW_Preselection, syst variation :         tagger.py:171
         nominal, cut type : SelectedJet, cut : dR with 'photons'               
         > 0.40, efficiency : 0.7405                                            
DEBUG    [Tagger] : my_HHWW_Preselection, syst variation :         tagger.py:171
         nominal, cut type : SelectedJet, cut : dR with                         
         'electrons' > 0.40, efficiency : 0.9999                                
DEBUG    [Tagger] : my_HHWW_Preselection, syst variation :         tagger.py:171
         nominal, cut type : SelectedJet, cut : dR with 'muons' >               
         0.40, efficiency : 1.0000                                              
DEBUG    [Tagger] : my_HHWW_Preselection, syst variation :         tagger.py:171
         nominal, cut type : SelectedJet, cut : all cuts,                       
         efficiency : 0.1712                                                    
DEBUG    [Tagger] : my_HHWW_Preselection, syst variation :         tagger.py:171
         nominal, cut type : event, cut : Photon Selection,                     
         efficiency : 0.2896                                                    
DEBUG    [Tagger] : my_HHWW_Preselection, syst variation :         tagger.py:171
         nominal, cut type : event, cut : Lepton Selection,                     
         efficiency : 0.2893                                                    
DEBUG    [Tagger] : my_HHWW_Preselection, syst variation :         tagger.py:171
         nominal, cut type : event, cut : OnlyFourJet_category,                 
         efficiency : 0.0210                                                    
DEBUG    [Tagger] my_HHWW_Preselection : event set : nominal :      tagger.py:68
         293065 (6160) events before (after) selection                          
WARNING  [AnalysisManager : write_events] Branch                 analysis.py:512
         'MET_fiducialGenPhi' was not found in events array.                    
         This may be expected (e.g. gen info for a data file),                  
         but please ensure this makes sense to you.                             
WARNING  [AnalysisManager : write_events] Branch                 analysis.py:512
         'MET_fiducialGenPt' was not found in events array. This                
         may be expected (e.g. gen info for a data file), but                   
         please ensure this makes sense to you.                                 
WARNING  [AnalysisManager : write_events] Branch '('LeadPhoton', analysis.py:512
         'genPartFlav')' was not found in events array. This may                
         be expected (e.g. gen info for a data file), but please                
         ensure this makes sense to you.                                        
WARNING  [AnalysisManager : write_events] Branch                 analysis.py:512
         '('SubleadPhoton', 'genPartFlav')' was not found in                    
         events array. This may be expected (e.g. gen info for a                
         data file), but please ensure this makes sense to you.                 
WARNING  [AnalysisManager : write_events] Branch                 analysis.py:512
         '('SelectedJet', 'genJetIdx')' was not found in events                 
         array. This may be expected (e.g. gen info for a data                  
         file), but please ensure this makes sense to you.                      
WARNING  [AnalysisManager : write_events] Branch                 analysis.py:512
         '('SelectedJet', 'hadronFlavour')' was not found in                    
         events array. This may be expected (e.g. gen info for a                
         data file), but please ensure this makes sense to you.                 
WARNING  [AnalysisManager : write_events] Branch                 analysis.py:512
         '('SelectedJet', 'partonFlavour')' was not found in                    
         events array. This may be expected (e.g. gen info for a                
         data file), but please ensure this makes sense to you.                 
WARNING  [AnalysisManager : write_events] Branch                 analysis.py:512
         'fatjet_1_genJetAK8Idx' was not found in events array.                 
         This may be expected (e.g. gen info for a data file),                  
         but please ensure this makes sense to you.                             
WARNING  [AnalysisManager : write_events] Branch                 analysis.py:512
         'fatjet_1_hadronFlavour' was not found in events array.                
         This may be expected (e.g. gen info for a data file),                  
         but please ensure this makes sense to you.                             
WARNING  [AnalysisManager : write_events] Branch                 analysis.py:512
         'fatjet_1_nBHadrons' was not found in events array.                    
         This may be expected (e.g. gen info for a data file),                  
         but please ensure this makes sense to you.                             
WARNING  [AnalysisManager : write_events] Branch                 analysis.py:512
         'fatjet_1_nCHadrons' was not found in events array.                    
         This may be expected (e.g. gen info for a data file),                  
         but please ensure this makes sense to you.                             
WARNING  [AnalysisManager : write_events] Branch                 analysis.py:512
         'fatjet_1_particleNetMD_QCD' was not found in events                   
         array. This may be expected (e.g. gen info for a data                  
         file), but please ensure this makes sense to you.                      
WARNING  [AnalysisManager : write_events] Branch                 analysis.py:512
         'fatjet_1_particleNetMD_Xbb' was not found in events                   
         array. This may be expected (e.g. gen info for a data                  
         file), but please ensure this makes sense to you.                      
WARNING  [AnalysisManager : write_events] Branch                 analysis.py:512
         'fatjet_1_particleNetMD_Xcc' was not found in events                   
         array. This may be expected (e.g. gen info for a data                  
         file), but please ensure this makes sense to you.                      
WARNING  [AnalysisManager : write_events] Branch                 analysis.py:512
         'fatjet_1_particleNetMD_Xqq' was not found in events                   
         array. This may be expected (e.g. gen info for a data                  
         file), but please ensure this makes sense to you.                      
WARNING  [AnalysisManager : write_events] Branch                 analysis.py:512
         'fatjet_1_particleNet_H4qvsQCD' was not found in events                
         array. This may be expected (e.g. gen info for a data                  
         file), but please ensure this makes sense to you.                      
WARNING  [AnalysisManager : write_events] Branch                 analysis.py:512
         'fatjet_1_particleNet_HbbvsQCD' was not found in events                
         array. This may be expected (e.g. gen info for a data                  
         file), but please ensure this makes sense to you.                      
WARNING  [AnalysisManager : write_events] Branch                 analysis.py:512
         'fatjet_1_particleNet_HccvsQCD' was not found in events                
         array. This may be expected (e.g. gen info for a data                  
         file), but please ensure this makes sense to you.                      
WARNING  [AnalysisManager : write_events] Branch                 analysis.py:512
         'fatjet_1_particleNet_QCD' was not found in events                     
         array. This may be expected (e.g. gen info for a data                  
         file), but please ensure this makes sense to you.                      
WARNING  [AnalysisManager : write_events] Branch                 analysis.py:512
         'fatjet_1_particleNet_TvsQCD' was not found in events                  
         array. This may be expected (e.g. gen info for a data                  
         file), but please ensure this makes sense to you.                      
WARNING  [AnalysisManager : write_events] Branch                 analysis.py:512
         'fatjet_1_particleNet_WvsQCD' was not found in events                  
         array. This may be expected (e.g. gen info for a data                  
         file), but please ensure this makes sense to you.                      
WARNING  [AnalysisManager : write_events] Branch                 analysis.py:512
         'fatjet_1_particleNet_ZvsQCD' was not found in events                  
         array. This may be expected (e.g. gen info for a data                  
         file), but please ensure this makes sense to you.                      
WARNING  [AnalysisManager : write_events] Branch                 analysis.py:512
         'fatjet_2_genJetAK8Idx' was not found in events array.                 
         This may be expected (e.g. gen info for a data file),                  
         but please ensure this makes sense to you.                             
WARNING  [AnalysisManager : write_events] Branch                 analysis.py:512
         'fatjet_2_hadronFlavour' was not found in events array.                
         This may be expected (e.g. gen info for a data file),                  
         but please ensure this makes sense to you.                             
WARNING  [AnalysisManager : write_events] Branch                 analysis.py:512
         'fatjet_2_nBHadrons' was not found in events array.                    
         This may be expected (e.g. gen info for a data file),                  
         but please ensure this makes sense to you.                             
WARNING  [AnalysisManager : write_events] Branch                 analysis.py:512
         'fatjet_2_nCHadrons' was not found in events array.                    
         This may be expected (e.g. gen info for a data file),                  
         but please ensure this makes sense to you.                             
WARNING  [AnalysisManager : write_events] Branch                 analysis.py:512
         'fatjet_2_particleNetMD_QCD' was not found in events                   
         array. This may be expected (e.g. gen info for a data                  
         file), but please ensure this makes sense to you.                      
WARNING  [AnalysisManager : write_events] Branch                 analysis.py:512
         'fatjet_2_particleNetMD_Xbb' was not found in events                   
         array. This may be expected (e.g. gen info for a data                  
         file), but please ensure this makes sense to you.                      
WARNING  [AnalysisManager : write_events] Branch                 analysis.py:512
         'fatjet_2_particleNetMD_Xcc' was not found in events                   
         array. This may be expected (e.g. gen info for a data                  
         file), but please ensure this makes sense to you.                      
WARNING  [AnalysisManager : write_events] Branch                 analysis.py:512
         'fatjet_2_particleNetMD_Xqq' was not found in events                   
         array. This may be expected (e.g. gen info for a data                  
         file), but please ensure this makes sense to you.                      
WARNING  [AnalysisManager : write_events] Branch                 analysis.py:512
         'fatjet_2_particleNet_H4qvsQCD' was not found in events                
         array. This may be expected (e.g. gen info for a data                  
         file), but please ensure this makes sense to you.                      
WARNING  [AnalysisManager : write_events] Branch                 analysis.py:512
         'fatjet_2_particleNet_HbbvsQCD' was not found in events                
         array. This may be expected (e.g. gen info for a data                  
         file), but please ensure this makes sense to you.                      
WARNING  [AnalysisManager : write_events] Branch                 analysis.py:512
         'fatjet_2_particleNet_HccvsQCD' was not found in events                
         array. This may be expected (e.g. gen info for a data                  
         file), but please ensure this makes sense to you.                      
WARNING  [AnalysisManager : write_events] Branch                 analysis.py:512
         'fatjet_2_particleNet_QCD' was not found in events                     
         array. This may be expected (e.g. gen info for a data                  
         file), but please ensure this makes sense to you.                      
WARNING  [AnalysisManager : write_events] Branch                 analysis.py:512
         'fatjet_2_particleNet_TvsQCD' was not found in events                  
         array. This may be expected (e.g. gen info for a data                  
         file), but please ensure this makes sense to you.                      
WARNING  [AnalysisManager : write_events] Branch                 analysis.py:512
         'fatjet_2_particleNet_WvsQCD' was not found in events                  
         array. This may be expected (e.g. gen info for a data                  
         file), but please ensure this makes sense to you.                      
WARNING  [AnalysisManager : write_events] Branch                 analysis.py:512
         'fatjet_2_particleNet_ZvsQCD' was not found in events                  
         array. This may be expected (e.g. gen info for a data                  
         file), but please ensure this makes sense to you.                      
WARNING  [AnalysisManager : write_events] Branch                 analysis.py:512
         'fatjet_3_genJetAK8Idx' was not found in events array.                 
         This may be expected (e.g. gen info for a data file),                  
         but please ensure this makes sense to you.                             
WARNING  [AnalysisManager : write_events] Branch                 analysis.py:512
         'fatjet_3_hadronFlavour' was not found in events array.                
         This may be expected (e.g. gen info for a data file),                  
         but please ensure this makes sense to you.                             
WARNING  [AnalysisManager : write_events] Branch                 analysis.py:512
         'fatjet_3_nBHadrons' was not found in events array.                    
         This may be expected (e.g. gen info for a data file),                  
         but please ensure this makes sense to you.                             
WARNING  [AnalysisManager : write_events] Branch                 analysis.py:512
         'fatjet_3_nCHadrons' was not found in events array.                    
         This may be expected (e.g. gen info for a data file),                  
         but please ensure this makes sense to you.                             
WARNING  [AnalysisManager : write_events] Branch                 analysis.py:512
         'fatjet_3_particleNetMD_QCD' was not found in events                   
         array. This may be expected (e.g. gen info for a data                  
         file), but please ensure this makes sense to you.                      
WARNING  [AnalysisManager : write_events] Branch                 analysis.py:512
         'fatjet_3_particleNetMD_Xbb' was not found in events                   
         array. This may be expected (e.g. gen info for a data                  
         file), but please ensure this makes sense to you.                      
WARNING  [AnalysisManager : write_events] Branch                 analysis.py:512
         'fatjet_3_particleNetMD_Xcc' was not found in events                   
         array. This may be expected (e.g. gen info for a data                  
         file), but please ensure this makes sense to you.                      
WARNING  [AnalysisManager : write_events] Branch                 analysis.py:512
         'fatjet_3_particleNetMD_Xqq' was not found in events                   
         array. This may be expected (e.g. gen info for a data                  
         file), but please ensure this makes sense to you.                      
WARNING  [AnalysisManager : write_events] Branch                 analysis.py:512
         'fatjet_3_particleNet_H4qvsQCD' was not found in events                
         array. This may be expected (e.g. gen info for a data                  
         file), but please ensure this makes sense to you.                      
WARNING  [AnalysisManager : write_events] Branch                 analysis.py:512
         'fatjet_3_particleNet_HbbvsQCD' was not found in events                
         array. This may be expected (e.g. gen info for a data                  
         file), but please ensure this makes sense to you.                      
WARNING  [AnalysisManager : write_events] Branch                 analysis.py:512
         'fatjet_3_particleNet_HccvsQCD' was not found in events                
         array. This may be expected (e.g. gen info for a data                  
         file), but please ensure this makes sense to you.                      
WARNING  [AnalysisManager : write_events] Branch                 analysis.py:512
         'fatjet_3_particleNet_QCD' was not found in events                     
         array. This may be expected (e.g. gen info for a data                  
         file), but please ensure this makes sense to you.                      
WARNING  [AnalysisManager : write_events] Branch                 analysis.py:512
         'fatjet_3_particleNet_TvsQCD' was not found in events                  
         array. This may be expected (e.g. gen info for a data                  
         file), but please ensure this makes sense to you.                      
WARNING  [AnalysisManager : write_events] Branch                 analysis.py:512
         'fatjet_3_particleNet_WvsQCD' was not found in events                  
         array. This may be expected (e.g. gen info for a data                  
         file), but please ensure this makes sense to you.                      
WARNING  [AnalysisManager : write_events] Branch                 analysis.py:512
         'fatjet_3_particleNet_ZvsQCD' was not found in events                  
         array. This may be expected (e.g. gen info for a data                  
         file), but please ensure this makes sense to you.                      
WARNING  [AnalysisManager : write_events] Branch                 analysis.py:512
         'GenHggHiggs_pt' was not found in events array. This                   
         may be expected (e.g. gen info for a data file), but                   
         please ensure this makes sense to you.                                 
WARNING  [AnalysisManager : write_events] Branch                 analysis.py:512
         'GenHggHiggs_eta' was not found in events array. This                  
         may be expected (e.g. gen info for a data file), but                   
         please ensure this makes sense to you.                                 
WARNING  [AnalysisManager : write_events] Branch                 analysis.py:512
         'GenHggHiggs_phi' was not found in events array. This                  
         may be expected (e.g. gen info for a data file), but                   
         please ensure this makes sense to you.                                 
WARNING  [AnalysisManager : write_events] Branch                 analysis.py:512
         'GenHggHiggs_mass' was not found in events array. This                 
         may be expected (e.g. gen info for a data file), but                   
         please ensure this makes sense to you.                                 
WARNING  [AnalysisManager : write_events] Branch                 analysis.py:512
         'GenHggHiggs_dR' was not found in events array. This                   
         may be expected (e.g. gen info for a data file), but                   
         please ensure this makes sense to you.                                 
DEBUG    [AnalysisManager : write_events] Writing output file '/ analysis.py:523
         eos/user/z/zhenxuan/hhwwgg/DoubleEG_Run2017F_2017/job_3                
         /output_job_3_nominal.parquet'.                                        
