Traceback (most recent call last):
  File "/eos/user/z/zhenxuan/hhwwgg/GluGluToRadionToHHTo2B2G_M-250_2017/job_4/GluGluToRadionToHHTo2B2G_M-250_2017_executable_job4.py", line 4, in <module>
    from higgs_dna.analysis import run_analysis
  File "/afs/cern.ch/user/z/zhenxuan/HiggsDNA/higgs_dna/analysis.py", line 18, in <module>
    from higgs_dna.job_management.managers import LocalManager, CondorManager
  File "/afs/cern.ch/user/z/zhenxuan/HiggsDNA/higgs_dna/job_management/managers.py", line 22, in <module>
    import enlighten
  File "/eos/user/z/zhenxuan/higgs-dna/lib/python3.10/site-packages/enlighten/__init__.py", line 14, in <module>
    from enlighten.counter import Counter, StatusBar, SubCounter
  File "/eos/user/z/zhenxuan/higgs-dna/lib/python3.10/site-packages/enlighten/counter.py", line 19, in <module>
    from enlighten.manager import get_manager
  File "/eos/user/z/zhenxuan/higgs-dna/lib/python3.10/site-packages/enlighten/manager.py", line 21, in <module>
    from IPython import get_ipython
  File "/eos/user/z/zhenxuan/higgs-dna/lib/python3.10/site-packages/IPython/__init__.py", line 52, in <module>
    from .terminal.embed import embed
  File "/eos/user/z/zhenxuan/higgs-dna/lib/python3.10/site-packages/IPython/terminal/embed.py", line 16, in <module>
    from IPython.terminal.interactiveshell import TerminalInteractiveShell
  File "/eos/user/z/zhenxuan/higgs-dna/lib/python3.10/site-packages/IPython/terminal/interactiveshell.py", line 46, in <module>
    from .debugger import TerminalPdb, Pdb
  File "/eos/user/z/zhenxuan/higgs-dna/lib/python3.10/site-packages/IPython/terminal/debugger.py", line 6, in <module>
    from IPython.core.completer import IPCompleter
  File "/eos/user/z/zhenxuan/higgs-dna/lib/python3.10/site-packages/IPython/core/completer.py", line 149, in <module>
    import jedi
  File "/eos/user/z/zhenxuan/higgs-dna/lib/python3.10/site-packages/jedi/__init__.py", line 32, in <module>
    from jedi.api import Script, Interpreter, set_debug_function, preload_module
  File "/eos/user/z/zhenxuan/higgs-dna/lib/python3.10/site-packages/jedi/api/__init__.py", line 21, in <module>
    from jedi.api import classes
  File "/eos/user/z/zhenxuan/higgs-dna/lib/python3.10/site-packages/jedi/api/classes.py", line 24, in <module>
    from jedi.inference.utils import unite
  File "/eos/user/z/zhenxuan/higgs-dna/lib/python3.10/site-packages/jedi/inference/__init__.py", line 70, in <module>
    from jedi.inference import imports
  File "/eos/user/z/zhenxuan/higgs-dna/lib/python3.10/site-packages/jedi/inference/imports.py", line 31, in <module>
    from jedi.inference.compiled.subprocess.functions import ImplicitNSInfo
  File "/eos/user/z/zhenxuan/higgs-dna/lib/python3.10/site-packages/jedi/inference/compiled/subprocess/__init__.py", line 23, in <module>
    from jedi.inference.compiled.subprocess import functions
  File "<frozen importlib._bootstrap>", line 1027, in _find_and_load
  File "<frozen importlib._bootstrap>", line 1006, in _find_and_load_unlocked
  File "<frozen importlib._bootstrap>", line 688, in _load_unlocked
  File "<frozen importlib._bootstrap_external>", line 879, in exec_module
  File "<frozen importlib._bootstrap_external>", line 1016, in get_code
  File "<frozen importlib._bootstrap_external>", line 1074, in get_data
OSError: [Errno 5] Input/output error
