DEBUG    [AnalysisManager : load_events] Loaded 995757 events    analysis.py:476
         from file 'root://cms-xrd-global.cern.ch//store/data/Ru                
         n2017B/DoubleEG/NANOAOD/02Apr2020-v1/30000/BCB294AC-D1D                
         F-8E46-A5DC-433CB0C59FFF.root'.                                        
DEBUG    [AnalysisManager : load_events] Loaded 1307397 events   analysis.py:476
         from file 'root://cms-xrd-global.cern.ch//store/data/Ru                
         n2017B/DoubleEG/NANOAOD/02Apr2020-v1/30000/C557E002-140                
         F-5541-B9F7-C0727CE1560E.root'.                                        
DEBUG    [AnalysisManager : load_events] Loaded 1256289 events   analysis.py:476
         from file 'root://cms-xrd-global.cern.ch//store/data/Ru                
         n2017B/DoubleEG/NANOAOD/02Apr2020-v1/30000/C94BAC88-481                
         B-B745-9195-E45BB40EA129.root'.                                        
DEBUG    [AnalysisManager : load_events] Loaded 1367835 events   analysis.py:476
         from file 'root://cms-xrd-global.cern.ch//store/data/Ru                
         n2017B/DoubleEG/NANOAOD/02Apr2020-v1/30000/D2D0D536-31B                
         D-2F46-B9E1-AB105515B029.root'.                                        
DEBUG    [AnalysisManager : load_events] Loaded 1964111 events   analysis.py:476
         from file 'root://cms-xrd-global.cern.ch//store/data/Ru                
         n2017B/DoubleEG/NANOAOD/02Apr2020-v1/30000/D629C6BB-48D                
         8-4D40-AECF-2CED0141F707.root'.                                        
DEBUG    [AnalysisManager : load_events] Loaded 682582 events    analysis.py:476
         from file 'root://cms-xrd-global.cern.ch//store/data/Ru                
         n2017B/DoubleEG/NANOAOD/02Apr2020-v1/30000/DB242BA8-C22                
         B-AE4C-92CE-3C73AA520215.root'.                                        
DEBUG    [AnalysisManager : load_events] Loaded 1337316 events   analysis.py:476
         from file 'root://cms-xrd-global.cern.ch//store/data/Ru                
         n2017B/DoubleEG/NANOAOD/02Apr2020-v1/30000/DC0224B6-F93                
         8-674E-B089-331125BE0B80.root'.                                        
DEBUG    [AnalysisManager : load_events] Loaded 890900 events    analysis.py:476
         from file 'root://cms-xrd-global.cern.ch//store/data/Ru                
         n2017B/DoubleEG/NANOAOD/02Apr2020-v1/30000/DF8571E1-12B                
         B-794A-AC81-AA061DEBB16F.root'.                                        
DEBUG    [AnalysisManager : load_events] Loaded 1647548 events   analysis.py:476
         from file 'root://cms-xrd-global.cern.ch//store/data/Ru                
         n2017B/DoubleEG/NANOAOD/02Apr2020-v1/30000/E2DCABE0-49D                
         8-1E4A-AA50-C957C2956C8D.root'.                                        
DEBUG    [AnalysisManager : load_events] Loaded 1698943 events   analysis.py:476
         from file 'root://cms-xrd-global.cern.ch//store/data/Ru                
         n2017B/DoubleEG/NANOAOD/02Apr2020-v1/30000/E5B22BC3-16F                
         7-CE47-B803-A2F3F4A41E67.root'.                                        
INFO     [TagSequence : __init__] Creating tag sequence with  tag_sequence.py:37
         the following tags and priority:                                       
INFO     [TagSequence : __init__] The 0-th tag set has        tag_sequence.py:59
         taggers ['diphoton_tagger'] (listed in order                           
         priority will be given).                                               
INFO     [TagSequence : __init__] The 1-th tag set has        tag_sequence.py:59
         taggers ['my_HHWW_Preselection'] (listed in order                      
         priority will be given).                                               
INFO     For all tags, performing selection on the following  tag_sequence.py:94
         sets of events, each corresponding to a separate                       
         independent collection.                                                
INFO             nominal                                      tag_sequence.py:96
DEBUG    [Tagger] : diphoton_tagger, syst variation : nominal, cut tagger.py:171
         type : photon, cut : pt, efficiency : 0.9995                           
DEBUG    [Tagger] : diphoton_tagger, syst variation : nominal, cut tagger.py:171
         type : photon, cut : eta, efficiency : 0.9207                          
DEBUG    [Tagger] : diphoton_tagger, syst variation : nominal, cut tagger.py:171
         type : photon, cut : e_veto, efficiency : 0.6824                       
DEBUG    [Tagger] : diphoton_tagger, syst variation : nominal, cut tagger.py:171
         type : photon, cut : r9, efficiency : 0.9307                           
DEBUG    [Tagger] : diphoton_tagger, syst variation : nominal, cut tagger.py:171
         type : photon, cut : hoe, efficiency : 0.7703                          
DEBUG    [Tagger] : diphoton_tagger, syst variation : nominal, cut tagger.py:171
         type : photon, cut : hlt, efficiency : 1.0000                          
DEBUG    [Tagger] : diphoton_tagger, syst variation : nominal, cut tagger.py:171
         type : photon, cut : all, efficiency : 0.3181                          
DEBUG    [Tagger] : diphoton_tagger, syst variation : nominal, cut tagger.py:171
         type : diphoton, cut : lead pt cut, efficiency : 0.7565                
DEBUG    [Tagger] : diphoton_tagger, syst variation : nominal, cut tagger.py:171
         type : diphoton, cut : lead pt mgg cut, efficiency :                   
         0.9227                                                                 
DEBUG    [Tagger] : diphoton_tagger, syst variation : nominal, cut tagger.py:171
         type : diphoton, cut : sublead pt mgg cut, efficiency :                
         0.7821                                                                 
DEBUG    [Tagger] : diphoton_tagger, syst variation : nominal, cut tagger.py:171
         type : diphoton, cut : mass cut, efficiency : 0.2369                   
DEBUG    [Tagger] : diphoton_tagger, syst variation : nominal, cut tagger.py:171
         type : diphoton, cut : all cuts, efficiency : 0.1237                   
DEBUG    [DiphotonTagger : produce_and_select_diphotons]  diphoton_tagger.py:190
         diphoton_tagger, selecting the highest pt_sum                          
         diphoton pair from each event.                                         
DEBUG    [DiphotonTagger : produce_and_select_diphotons]  diphoton_tagger.py:196
         diphoton_tagger, syst variation : nominal.                             
         Number of total diphoton candidates: 322264,                           
         number of diphoton candidates after selecting                          
         candidate with highest pt sum in each event:                           
         313844 (2.61 percent of diphoton events                                
         removed).                                                              
DEBUG    [Tagger] : diphoton_tagger, syst variation : nominal, cut tagger.py:171
         type : event, cut : At least 1 diphoton pair, efficiency               
         : 0.0239                                                               
DEBUG    [Tagger] : diphoton_tagger, syst variation : nominal, cut tagger.py:171
         type : event, cut : HLT Trigger, efficiency : 0.5315                   
DEBUG    [Tagger] : diphoton_tagger, syst variation : nominal, cut tagger.py:171
         type : event, cut : all, efficiency : 0.5315                           
DEBUG    [DiphotonTagger] diphoton_tagger, syst variation diphoton_tagger.py:236
         : nominal, total time to execute                                       
         select_diphotons: 403.116947 s                                         
DEBUG    [Tagger] diphoton_tagger : event set : nominal : 13148678  tagger.py:68
         (166818) events before (after) selection                               
DEBUG    [select_objects] : Tagger                       object_selections.py:22
         'my_HHWW_Preselection', selecting objects                              
         'SelectedElectron', with the following                                 
         requirements:                                                          
DEBUG             'pt' : 20.0                            object_selections.py:24
DEBUG             'eta' : 2.4                            object_selections.py:24
DEBUG             'dxy' : 0.045                          object_selections.py:24
DEBUG             'dz' : 0.2                             object_selections.py:24
DEBUG             'id' : WP90                            object_selections.py:24
DEBUG             'dr_photons' : 0.2                     object_selections.py:24
DEBUG             'veto_transition' : True               object_selections.py:24
DEBUG    [select_objects] : Tagger                       object_selections.py:27
         'my_HHWW_Preselection', cross-cleaning objects                         
         'SelectedElectron' with respect to the                                 
         following sets of objects:                                             
DEBUG             'photons', dR > 0.20                   object_selections.py:29
DEBUG    [Tagger] : my_HHWW_Preselection, syst variation :         tagger.py:171
         nominal, cut type : SelectedElectron, cut : pt > 20.0000,              
         efficiency : 0.3484                                                    
DEBUG    [Tagger] : my_HHWW_Preselection, syst variation :         tagger.py:171
         nominal, cut type : SelectedElectron, cut : |eta| <                    
         2.4000, efficiency : 0.9717                                            
DEBUG    [Tagger] : my_HHWW_Preselection, syst variation :         tagger.py:171
         nominal, cut type : SelectedElectron, cut : |dxy| <                    
         0.0450, efficiency : 0.7330                                            
DEBUG    [Tagger] : my_HHWW_Preselection, syst variation :         tagger.py:171
         nominal, cut type : SelectedElectron, cut : |dz| <                     
         0.2000, efficiency : 0.7062                                            
DEBUG    [Tagger] : my_HHWW_Preselection, syst variation :         tagger.py:171
         nominal, cut type : SelectedElectron, cut : dR with                    
         'photons' > 0.20, efficiency : 0.5186                                  
DEBUG    [Tagger] : my_HHWW_Preselection, syst variation :         tagger.py:171
         nominal, cut type : SelectedElectron, cut : standard                   
         object cuts, efficiency : 0.0540                                       
DEBUG    [Tagger] : my_HHWW_Preselection, syst variation :         tagger.py:171
         nominal, cut type : SelectedElectron, cut : id cut,                    
         efficiency : 0.0258                                                    
DEBUG    [Tagger] : my_HHWW_Preselection, syst variation :         tagger.py:171
         nominal, cut type : SelectedElectron, cut : ee-eb                      
         transition, efficiency : 0.9811                                        
DEBUG    [Tagger] : my_HHWW_Preselection, syst variation :         tagger.py:171
         nominal, cut type : SelectedElectron, cut : all cuts,                  
         efficiency : 0.0023                                                    
DEBUG    [select_objects] : Tagger                       object_selections.py:22
         'my_HHWW_Preselection', selecting objects                              
         'SelectedMuon', with the following                                     
         requirements:                                                          
DEBUG             'pt' : 21.0                            object_selections.py:24
DEBUG             'eta' : 2.5                            object_selections.py:24
DEBUG             'dxy' : 0.045                          object_selections.py:24
DEBUG             'dz' : 0.2                             object_selections.py:24
DEBUG             'id' : medium                          object_selections.py:24
DEBUG             'pfRelIso03_all' : 0.3                 object_selections.py:24
DEBUG             'dr_photons' : 0.2                     object_selections.py:24
DEBUG             'global' : True                        object_selections.py:24
DEBUG    [select_objects] : Tagger                       object_selections.py:27
         'my_HHWW_Preselection', cross-cleaning objects                         
         'SelectedMuon' with respect to the following                           
         sets of objects:                                                       
DEBUG             'photons', dR > 0.20                   object_selections.py:29
DEBUG    [Tagger] : my_HHWW_Preselection, syst variation :         tagger.py:171
         nominal, cut type : SelectedMuon, cut : pt > 21.0000,                  
         efficiency : 0.0192                                                    
DEBUG    [Tagger] : my_HHWW_Preselection, syst variation :         tagger.py:171
         nominal, cut type : SelectedMuon, cut : |eta| < 2.5000,                
         efficiency : 0.9986                                                    
DEBUG    [Tagger] : my_HHWW_Preselection, syst variation :         tagger.py:171
         nominal, cut type : SelectedMuon, cut : |dxy| < 0.0450,                
         efficiency : 0.8982                                                    
DEBUG    [Tagger] : my_HHWW_Preselection, syst variation :         tagger.py:171
         nominal, cut type : SelectedMuon, cut : |dz| < 0.2000,                 
         efficiency : 0.4994                                                    
DEBUG    [Tagger] : my_HHWW_Preselection, syst variation :         tagger.py:171
         nominal, cut type : SelectedMuon, cut : pfRelIso03_all <               
         0.3000, efficiency : 0.3915                                            
DEBUG    [Tagger] : my_HHWW_Preselection, syst variation :         tagger.py:171
         nominal, cut type : SelectedMuon, cut : dR with 'photons'              
         > 0.20, efficiency : 0.8374                                            
DEBUG    [Tagger] : my_HHWW_Preselection, syst variation :         tagger.py:171
         nominal, cut type : SelectedMuon, cut : standard object                
         cuts, efficiency : 0.0026                                              
DEBUG    [Tagger] : my_HHWW_Preselection, syst variation :         tagger.py:171
         nominal, cut type : SelectedMuon, cut : id cut,                        
         efficiency : 0.4153                                                    
DEBUG    [Tagger] : my_HHWW_Preselection, syst variation :         tagger.py:171
         nominal, cut type : SelectedMuon, cut : global_muon cut,               
         efficiency : 0.5049                                                    
DEBUG    [Tagger] : my_HHWW_Preselection, syst variation :         tagger.py:171
         nominal, cut type : SelectedMuon, cut : all cuts,                      
         efficiency : 0.0021                                                    
DEBUG    [select_objects] : Tagger                       object_selections.py:22
         'my_HHWW_Preselection', selecting objects                              
         'SelectedFatJet', with the following                                   
         requirements:                                                          
DEBUG             'pt' : 200.0                           object_selections.py:24
DEBUG             'eta' : 2.4                            object_selections.py:24
DEBUG    [select_objects] : Tagger                       object_selections.py:27
         'my_HHWW_Preselection', cross-cleaning objects                         
         'SelectedFatJet' with respect to the following                         
         sets of objects:                                                       
DEBUG             'photons', dR > 0.40                   object_selections.py:29
DEBUG             'electrons', dR > 0.40                 object_selections.py:29
DEBUG             'muons', dR > 0.40                     object_selections.py:29
DEBUG    [Tagger] : my_HHWW_Preselection, syst variation :         tagger.py:171
         nominal, cut type : SelectedFatJet, cut : pt > 200.0000,               
         efficiency : 0.4533                                                    
DEBUG    [Tagger] : my_HHWW_Preselection, syst variation :         tagger.py:171
         nominal, cut type : SelectedFatJet, cut : |eta| < 2.4000,              
         efficiency : 0.9682                                                    
DEBUG    [Tagger] : my_HHWW_Preselection, syst variation :         tagger.py:171
         nominal, cut type : SelectedFatJet, cut : dR with                      
         'photons' > 0.40, efficiency : 0.3575                                  
DEBUG    [Tagger] : my_HHWW_Preselection, syst variation :         tagger.py:171
         nominal, cut type : SelectedFatJet, cut : dR with                      
         'electrons' > 0.40, efficiency : 0.9987                                
DEBUG    [Tagger] : my_HHWW_Preselection, syst variation :         tagger.py:171
         nominal, cut type : SelectedFatJet, cut : dR with 'muons'              
         > 0.40, efficiency : 0.9999                                            
DEBUG    [Tagger] : my_HHWW_Preselection, syst variation :         tagger.py:171
         nominal, cut type : SelectedFatJet, cut : all cuts,                    
         efficiency : 0.1948                                                    
DEBUG    [select_objects] : Tagger                       object_selections.py:22
         'my_HHWW_Preselection', selecting objects                              
         'SelectedJet', with the following requirements:                        
DEBUG             'pt' : 20.0                            object_selections.py:24
DEBUG             'eta' : 2.4                            object_selections.py:24
DEBUG    [select_objects] : Tagger                       object_selections.py:27
         'my_HHWW_Preselection', cross-cleaning objects                         
         'SelectedJet' with respect to the following                            
         sets of objects:                                                       
DEBUG             'photons', dR > 0.40                   object_selections.py:29
DEBUG             'electrons', dR > 0.40                 object_selections.py:29
DEBUG             'muons', dR > 0.40                     object_selections.py:29
DEBUG    [Tagger] : my_HHWW_Preselection, syst variation :         tagger.py:171
         nominal, cut type : SelectedJet, cut : pt > 20.0000,                   
         efficiency : 0.6536                                                    
DEBUG    [Tagger] : my_HHWW_Preselection, syst variation :         tagger.py:171
         nominal, cut type : SelectedJet, cut : |eta| < 2.4000,                 
         efficiency : 0.7097                                                    
DEBUG    [Tagger] : my_HHWW_Preselection, syst variation :         tagger.py:171
         nominal, cut type : SelectedJet, cut : dR with 'photons'               
         > 0.40, efficiency : 0.6540                                            
DEBUG    [Tagger] : my_HHWW_Preselection, syst variation :         tagger.py:171
         nominal, cut type : SelectedJet, cut : dR with                         
         'electrons' > 0.40, efficiency : 0.9999                                
DEBUG    [Tagger] : my_HHWW_Preselection, syst variation :         tagger.py:171
         nominal, cut type : SelectedJet, cut : dR with 'muons' >               
         0.40, efficiency : 1.0000                                              
DEBUG    [Tagger] : my_HHWW_Preselection, syst variation :         tagger.py:171
         nominal, cut type : SelectedJet, cut : all cuts,                       
         efficiency : 0.1882                                                    
DEBUG    [Tagger] : my_HHWW_Preselection, syst variation :         tagger.py:171
         nominal, cut type : event, cut : Photon Selection,                     
         efficiency : 0.2633                                                    
DEBUG    [Tagger] : my_HHWW_Preselection, syst variation :         tagger.py:171
         nominal, cut type : event, cut : Lepton Selection,                     
         efficiency : 0.2630                                                    
DEBUG    [Tagger] : my_HHWW_Preselection, syst variation :         tagger.py:171
         nominal, cut type : event, cut : OnlyFourJet_category,                 
         efficiency : 0.0112                                                    
DEBUG    [Tagger] my_HHWW_Preselection : event set : nominal :      tagger.py:68
         166818 (1863) events before (after) selection                          
WARNING  [AnalysisManager : write_events] Branch                 analysis.py:512
         'MET_fiducialGenPhi' was not found in events array.                    
         This may be expected (e.g. gen info for a data file),                  
         but please ensure this makes sense to you.                             
WARNING  [AnalysisManager : write_events] Branch                 analysis.py:512
         'MET_fiducialGenPt' was not found in events array. This                
         may be expected (e.g. gen info for a data file), but                   
         please ensure this makes sense to you.                                 
WARNING  [AnalysisManager : write_events] Branch '('LeadPhoton', analysis.py:512
         'genPartFlav')' was not found in events array. This may                
         be expected (e.g. gen info for a data file), but please                
         ensure this makes sense to you.                                        
WARNING  [AnalysisManager : write_events] Branch                 analysis.py:512
         '('SubleadPhoton', 'genPartFlav')' was not found in                    
         events array. This may be expected (e.g. gen info for a                
         data file), but please ensure this makes sense to you.                 
WARNING  [AnalysisManager : write_events] Branch                 analysis.py:512
         '('SelectedJet', 'genJetIdx')' was not found in events                 
         array. This may be expected (e.g. gen info for a data                  
         file), but please ensure this makes sense to you.                      
WARNING  [AnalysisManager : write_events] Branch                 analysis.py:512
         '('SelectedJet', 'hadronFlavour')' was not found in                    
         events array. This may be expected (e.g. gen info for a                
         data file), but please ensure this makes sense to you.                 
WARNING  [AnalysisManager : write_events] Branch                 analysis.py:512
         '('SelectedJet', 'partonFlavour')' was not found in                    
         events array. This may be expected (e.g. gen info for a                
         data file), but please ensure this makes sense to you.                 
WARNING  [AnalysisManager : write_events] Branch                 analysis.py:512
         'fatjet_1_genJetAK8Idx' was not found in events array.                 
         This may be expected (e.g. gen info for a data file),                  
         but please ensure this makes sense to you.                             
WARNING  [AnalysisManager : write_events] Branch                 analysis.py:512
         'fatjet_1_hadronFlavour' was not found in events array.                
         This may be expected (e.g. gen info for a data file),                  
         but please ensure this makes sense to you.                             
WARNING  [AnalysisManager : write_events] Branch                 analysis.py:512
         'fatjet_1_nBHadrons' was not found in events array.                    
         This may be expected (e.g. gen info for a data file),                  
         but please ensure this makes sense to you.                             
WARNING  [AnalysisManager : write_events] Branch                 analysis.py:512
         'fatjet_1_nCHadrons' was not found in events array.                    
         This may be expected (e.g. gen info for a data file),                  
         but please ensure this makes sense to you.                             
WARNING  [AnalysisManager : write_events] Branch                 analysis.py:512
         'fatjet_1_particleNetMD_QCD' was not found in events                   
         array. This may be expected (e.g. gen info for a data                  
         file), but please ensure this makes sense to you.                      
WARNING  [AnalysisManager : write_events] Branch                 analysis.py:512
         'fatjet_1_particleNetMD_Xbb' was not found in events                   
         array. This may be expected (e.g. gen info for a data                  
         file), but please ensure this makes sense to you.                      
WARNING  [AnalysisManager : write_events] Branch                 analysis.py:512
         'fatjet_1_particleNetMD_Xcc' was not found in events                   
         array. This may be expected (e.g. gen info for a data                  
         file), but please ensure this makes sense to you.                      
WARNING  [AnalysisManager : write_events] Branch                 analysis.py:512
         'fatjet_1_particleNetMD_Xqq' was not found in events                   
         array. This may be expected (e.g. gen info for a data                  
         file), but please ensure this makes sense to you.                      
WARNING  [AnalysisManager : write_events] Branch                 analysis.py:512
         'fatjet_1_particleNet_H4qvsQCD' was not found in events                
         array. This may be expected (e.g. gen info for a data                  
         file), but please ensure this makes sense to you.                      
WARNING  [AnalysisManager : write_events] Branch                 analysis.py:512
         'fatjet_1_particleNet_HbbvsQCD' was not found in events                
         array. This may be expected (e.g. gen info for a data                  
         file), but please ensure this makes sense to you.                      
WARNING  [AnalysisManager : write_events] Branch                 analysis.py:512
         'fatjet_1_particleNet_HccvsQCD' was not found in events                
         array. This may be expected (e.g. gen info for a data                  
         file), but please ensure this makes sense to you.                      
WARNING  [AnalysisManager : write_events] Branch                 analysis.py:512
         'fatjet_1_particleNet_QCD' was not found in events                     
         array. This may be expected (e.g. gen info for a data                  
         file), but please ensure this makes sense to you.                      
WARNING  [AnalysisManager : write_events] Branch                 analysis.py:512
         'fatjet_1_particleNet_TvsQCD' was not found in events                  
         array. This may be expected (e.g. gen info for a data                  
         file), but please ensure this makes sense to you.                      
WARNING  [AnalysisManager : write_events] Branch                 analysis.py:512
         'fatjet_1_particleNet_WvsQCD' was not found in events                  
         array. This may be expected (e.g. gen info for a data                  
         file), but please ensure this makes sense to you.                      
WARNING  [AnalysisManager : write_events] Branch                 analysis.py:512
         'fatjet_1_particleNet_ZvsQCD' was not found in events                  
         array. This may be expected (e.g. gen info for a data                  
         file), but please ensure this makes sense to you.                      
WARNING  [AnalysisManager : write_events] Branch                 analysis.py:512
         'fatjet_2_genJetAK8Idx' was not found in events array.                 
         This may be expected (e.g. gen info for a data file),                  
         but please ensure this makes sense to you.                             
WARNING  [AnalysisManager : write_events] Branch                 analysis.py:512
         'fatjet_2_hadronFlavour' was not found in events array.                
         This may be expected (e.g. gen info for a data file),                  
         but please ensure this makes sense to you.                             
WARNING  [AnalysisManager : write_events] Branch                 analysis.py:512
         'fatjet_2_nBHadrons' was not found in events array.                    
         This may be expected (e.g. gen info for a data file),                  
         but please ensure this makes sense to you.                             
WARNING  [AnalysisManager : write_events] Branch                 analysis.py:512
         'fatjet_2_nCHadrons' was not found in events array.                    
         This may be expected (e.g. gen info for a data file),                  
         but please ensure this makes sense to you.                             
WARNING  [AnalysisManager : write_events] Branch                 analysis.py:512
         'fatjet_2_particleNetMD_QCD' was not found in events                   
         array. This may be expected (e.g. gen info for a data                  
         file), but please ensure this makes sense to you.                      
WARNING  [AnalysisManager : write_events] Branch                 analysis.py:512
         'fatjet_2_particleNetMD_Xbb' was not found in events                   
         array. This may be expected (e.g. gen info for a data                  
         file), but please ensure this makes sense to you.                      
WARNING  [AnalysisManager : write_events] Branch                 analysis.py:512
         'fatjet_2_particleNetMD_Xcc' was not found in events                   
         array. This may be expected (e.g. gen info for a data                  
         file), but please ensure this makes sense to you.                      
WARNING  [AnalysisManager : write_events] Branch                 analysis.py:512
         'fatjet_2_particleNetMD_Xqq' was not found in events                   
         array. This may be expected (e.g. gen info for a data                  
         file), but please ensure this makes sense to you.                      
WARNING  [AnalysisManager : write_events] Branch                 analysis.py:512
         'fatjet_2_particleNet_H4qvsQCD' was not found in events                
         array. This may be expected (e.g. gen info for a data                  
         file), but please ensure this makes sense to you.                      
WARNING  [AnalysisManager : write_events] Branch                 analysis.py:512
         'fatjet_2_particleNet_HbbvsQCD' was not found in events                
         array. This may be expected (e.g. gen info for a data                  
         file), but please ensure this makes sense to you.                      
WARNING  [AnalysisManager : write_events] Branch                 analysis.py:512
         'fatjet_2_particleNet_HccvsQCD' was not found in events                
         array. This may be expected (e.g. gen info for a data                  
         file), but please ensure this makes sense to you.                      
WARNING  [AnalysisManager : write_events] Branch                 analysis.py:512
         'fatjet_2_particleNet_QCD' was not found in events                     
         array. This may be expected (e.g. gen info for a data                  
         file), but please ensure this makes sense to you.                      
WARNING  [AnalysisManager : write_events] Branch                 analysis.py:512
         'fatjet_2_particleNet_TvsQCD' was not found in events                  
         array. This may be expected (e.g. gen info for a data                  
         file), but please ensure this makes sense to you.                      
WARNING  [AnalysisManager : write_events] Branch                 analysis.py:512
         'fatjet_2_particleNet_WvsQCD' was not found in events                  
         array. This may be expected (e.g. gen info for a data                  
         file), but please ensure this makes sense to you.                      
WARNING  [AnalysisManager : write_events] Branch                 analysis.py:512
         'fatjet_2_particleNet_ZvsQCD' was not found in events                  
         array. This may be expected (e.g. gen info for a data                  
         file), but please ensure this makes sense to you.                      
WARNING  [AnalysisManager : write_events] Branch                 analysis.py:512
         'fatjet_3_genJetAK8Idx' was not found in events array.                 
         This may be expected (e.g. gen info for a data file),                  
         but please ensure this makes sense to you.                             
WARNING  [AnalysisManager : write_events] Branch                 analysis.py:512
         'fatjet_3_hadronFlavour' was not found in events array.                
         This may be expected (e.g. gen info for a data file),                  
         but please ensure this makes sense to you.                             
WARNING  [AnalysisManager : write_events] Branch                 analysis.py:512
         'fatjet_3_nBHadrons' was not found in events array.                    
         This may be expected (e.g. gen info for a data file),                  
         but please ensure this makes sense to you.                             
WARNING  [AnalysisManager : write_events] Branch                 analysis.py:512
         'fatjet_3_nCHadrons' was not found in events array.                    
         This may be expected (e.g. gen info for a data file),                  
         but please ensure this makes sense to you.                             
WARNING  [AnalysisManager : write_events] Branch                 analysis.py:512
         'fatjet_3_particleNetMD_QCD' was not found in events                   
         array. This may be expected (e.g. gen info for a data                  
         file), but please ensure this makes sense to you.                      
WARNING  [AnalysisManager : write_events] Branch                 analysis.py:512
         'fatjet_3_particleNetMD_Xbb' was not found in events                   
         array. This may be expected (e.g. gen info for a data                  
         file), but please ensure this makes sense to you.                      
WARNING  [AnalysisManager : write_events] Branch                 analysis.py:512
         'fatjet_3_particleNetMD_Xcc' was not found in events                   
         array. This may be expected (e.g. gen info for a data                  
         file), but please ensure this makes sense to you.                      
WARNING  [AnalysisManager : write_events] Branch                 analysis.py:512
         'fatjet_3_particleNetMD_Xqq' was not found in events                   
         array. This may be expected (e.g. gen info for a data                  
         file), but please ensure this makes sense to you.                      
WARNING  [AnalysisManager : write_events] Branch                 analysis.py:512
         'fatjet_3_particleNet_H4qvsQCD' was not found in events                
         array. This may be expected (e.g. gen info for a data                  
         file), but please ensure this makes sense to you.                      
WARNING  [AnalysisManager : write_events] Branch                 analysis.py:512
         'fatjet_3_particleNet_HbbvsQCD' was not found in events                
         array. This may be expected (e.g. gen info for a data                  
         file), but please ensure this makes sense to you.                      
WARNING  [AnalysisManager : write_events] Branch                 analysis.py:512
         'fatjet_3_particleNet_HccvsQCD' was not found in events                
         array. This may be expected (e.g. gen info for a data                  
         file), but please ensure this makes sense to you.                      
WARNING  [AnalysisManager : write_events] Branch                 analysis.py:512
         'fatjet_3_particleNet_QCD' was not found in events                     
         array. This may be expected (e.g. gen info for a data                  
         file), but please ensure this makes sense to you.                      
WARNING  [AnalysisManager : write_events] Branch                 analysis.py:512
         'fatjet_3_particleNet_TvsQCD' was not found in events                  
         array. This may be expected (e.g. gen info for a data                  
         file), but please ensure this makes sense to you.                      
WARNING  [AnalysisManager : write_events] Branch                 analysis.py:512
         'fatjet_3_particleNet_WvsQCD' was not found in events                  
         array. This may be expected (e.g. gen info for a data                  
         file), but please ensure this makes sense to you.                      
WARNING  [AnalysisManager : write_events] Branch                 analysis.py:512
         'fatjet_3_particleNet_ZvsQCD' was not found in events                  
         array. This may be expected (e.g. gen info for a data                  
         file), but please ensure this makes sense to you.                      
WARNING  [AnalysisManager : write_events] Branch                 analysis.py:512
         'GenHggHiggs_pt' was not found in events array. This                   
         may be expected (e.g. gen info for a data file), but                   
         please ensure this makes sense to you.                                 
WARNING  [AnalysisManager : write_events] Branch                 analysis.py:512
         'GenHggHiggs_eta' was not found in events array. This                  
         may be expected (e.g. gen info for a data file), but                   
         please ensure this makes sense to you.                                 
WARNING  [AnalysisManager : write_events] Branch                 analysis.py:512
         'GenHggHiggs_phi' was not found in events array. This                  
         may be expected (e.g. gen info for a data file), but                   
         please ensure this makes sense to you.                                 
WARNING  [AnalysisManager : write_events] Branch                 analysis.py:512
         'GenHggHiggs_mass' was not found in events array. This                 
         may be expected (e.g. gen info for a data file), but                   
         please ensure this makes sense to you.                                 
WARNING  [AnalysisManager : write_events] Branch                 analysis.py:512
         'GenHggHiggs_dR' was not found in events array. This                   
         may be expected (e.g. gen info for a data file), but                   
         please ensure this makes sense to you.                                 
DEBUG    [AnalysisManager : write_events] Writing output file '/ analysis.py:523
         eos/user/z/zhenxuan/hhwwgg/DoubleEG_Run2017B_2017/job_5                
         /output_job_5_nominal.parquet'.                                        
