DEBUG    [AnalysisManager : load_events] Loaded 2506102 events   analysis.py:476
         from file 'root://cms-xrd-global.cern.ch//store/data/Ru                
         n2017E/DoubleEG/NANOAOD/02Apr2020-v1/50000/A57008B1-9C1                
         8-9544-B326-57D5FE3A2050.root'.                                        
DEBUG    [AnalysisManager : load_events] Loaded 1330342 events   analysis.py:476
         from file 'root://cms-xrd-global.cern.ch//store/data/Ru                
         n2017E/DoubleEG/NANOAOD/02Apr2020-v1/50000/B48A941B-A10                
         8-8B49-BA9E-44F8ECF8DC6B.root'.                                        
DEBUG    [AnalysisManager : load_events] Loaded 1331051 events   analysis.py:476
         from file 'root://cms-xrd-global.cern.ch//store/data/Ru                
         n2017E/DoubleEG/NANOAOD/02Apr2020-v1/50000/BA2B7D28-517                
         9-1A40-9261-55F69CE92EF7.root'.                                        
DEBUG    [AnalysisManager : load_events] Loaded 900798 events    analysis.py:476
         from file 'root://cms-xrd-global.cern.ch//store/data/Ru                
         n2017E/DoubleEG/NANOAOD/02Apr2020-v1/50000/BB463CDE-35E                
         D-234E-AD79-A4B1913EAAC1.root'.                                        
DEBUG    [AnalysisManager : load_events] Loaded 897348 events    analysis.py:476
         from file 'root://cms-xrd-global.cern.ch//store/data/Ru                
         n2017E/DoubleEG/NANOAOD/02Apr2020-v1/50000/BD7E6052-824                
         D-DA45-B3D2-592E5596C6EF.root'.                                        
DEBUG    [AnalysisManager : load_events] Loaded 792811 events    analysis.py:476
         from file 'root://cms-xrd-global.cern.ch//store/data/Ru                
         n2017E/DoubleEG/NANOAOD/02Apr2020-v1/50000/C8B684B5-C8E                
         B-1B41-87A1-4534FCAA0D0D.root'.                                        
DEBUG    [AnalysisManager : load_events] Loaded 644901 events    analysis.py:476
         from file 'root://cms-xrd-global.cern.ch//store/data/Ru                
         n2017E/DoubleEG/NANOAOD/02Apr2020-v1/50000/D3FB1262-CD8                
         0-A348-8A57-6CC6513101BF.root'.                                        
DEBUG    [AnalysisManager : load_events] Loaded 1729164 events   analysis.py:476
         from file 'root://cms-xrd-global.cern.ch//store/data/Ru                
         n2017E/DoubleEG/NANOAOD/02Apr2020-v1/50000/DA7609A7-9B3                
         9-5D48-A899-186D36D6765E.root'.                                        
DEBUG    [AnalysisManager : load_events] Loaded 1401223 events   analysis.py:476
         from file 'root://cms-xrd-global.cern.ch//store/data/Ru                
         n2017E/DoubleEG/NANOAOD/02Apr2020-v1/50000/DB73A2DD-518                
         4-424F-A4F1-4BB455E36993.root'.                                        
DEBUG    [AnalysisManager : load_events] Loaded 1884640 events   analysis.py:476
         from file 'root://cms-xrd-global.cern.ch//store/data/Ru                
         n2017E/DoubleEG/NANOAOD/02Apr2020-v1/50000/DE64D296-2CF                
         3-0245-88FC-11D5C3A2E212.root'.                                        
INFO     [TagSequence : __init__] Creating tag sequence with  tag_sequence.py:37
         the following tags and priority:                                       
INFO     [TagSequence : __init__] The 0-th tag set has        tag_sequence.py:59
         taggers ['diphoton_tagger'] (listed in order                           
         priority will be given).                                               
INFO     [TagSequence : __init__] The 1-th tag set has        tag_sequence.py:59
         taggers ['my_HHWW_Preselection'] (listed in order                      
         priority will be given).                                               
INFO     For all tags, performing selection on the following  tag_sequence.py:94
         sets of events, each corresponding to a separate                       
         independent collection.                                                
INFO             nominal                                      tag_sequence.py:96
DEBUG    [Tagger] : diphoton_tagger, syst variation : nominal, cut tagger.py:171
         type : photon, cut : pt, efficiency : 0.9996                           
DEBUG    [Tagger] : diphoton_tagger, syst variation : nominal, cut tagger.py:171
         type : photon, cut : eta, efficiency : 0.9188                          
DEBUG    [Tagger] : diphoton_tagger, syst variation : nominal, cut tagger.py:171
         type : photon, cut : e_veto, efficiency : 0.6553                       
DEBUG    [Tagger] : diphoton_tagger, syst variation : nominal, cut tagger.py:171
         type : photon, cut : r9, efficiency : 0.9480                           
DEBUG    [Tagger] : diphoton_tagger, syst variation : nominal, cut tagger.py:171
         type : photon, cut : hoe, efficiency : 0.7906                          
DEBUG    [Tagger] : diphoton_tagger, syst variation : nominal, cut tagger.py:171
         type : photon, cut : hlt, efficiency : 1.0000                          
DEBUG    [Tagger] : diphoton_tagger, syst variation : nominal, cut tagger.py:171
         type : photon, cut : all, efficiency : 0.3393                          
DEBUG    [Tagger] : diphoton_tagger, syst variation : nominal, cut tagger.py:171
         type : diphoton, cut : lead pt cut, efficiency : 0.7456                
DEBUG    [Tagger] : diphoton_tagger, syst variation : nominal, cut tagger.py:171
         type : diphoton, cut : lead pt mgg cut, efficiency :                   
         0.9329                                                                 
DEBUG    [Tagger] : diphoton_tagger, syst variation : nominal, cut tagger.py:171
         type : diphoton, cut : sublead pt mgg cut, efficiency :                
         0.8071                                                                 
DEBUG    [Tagger] : diphoton_tagger, syst variation : nominal, cut tagger.py:171
         type : diphoton, cut : mass cut, efficiency : 0.2244                   
DEBUG    [Tagger] : diphoton_tagger, syst variation : nominal, cut tagger.py:171
         type : diphoton, cut : all cuts, efficiency : 0.1215                   
DEBUG    [DiphotonTagger : produce_and_select_diphotons]  diphoton_tagger.py:190
         diphoton_tagger, selecting the highest pt_sum                          
         diphoton pair from each event.                                         
DEBUG    [DiphotonTagger : produce_and_select_diphotons]  diphoton_tagger.py:196
         diphoton_tagger, syst variation : nominal.                             
         Number of total diphoton candidates: 430638,                           
         number of diphoton candidates after selecting                          
         candidate with highest pt sum in each event:                           
         417067 (3.15 percent of diphoton events                                
         removed).                                                              
DEBUG    [Tagger] : diphoton_tagger, syst variation : nominal, cut tagger.py:171
         type : event, cut : At least 1 diphoton pair, efficiency               
         : 0.0311                                                               
DEBUG    [Tagger] : diphoton_tagger, syst variation : nominal, cut tagger.py:171
         type : event, cut : HLT Trigger, efficiency : 0.7358                   
DEBUG    [Tagger] : diphoton_tagger, syst variation : nominal, cut tagger.py:171
         type : event, cut : all, efficiency : 0.7358                           
DEBUG    [DiphotonTagger] diphoton_tagger, syst variation diphoton_tagger.py:236
         : nominal, total time to execute                                       
         select_diphotons: 15.508342 s                                          
DEBUG    [Tagger] diphoton_tagger : event set : nominal : 13418380  tagger.py:68
         (306870) events before (after) selection                               
