DEBUG    [AnalysisManager : load_events] Loaded 817455 events    analysis.py:476
         from file 'root://cms-xrd-global.cern.ch//store/mc/RunI                
         IFall17NanoAODv7/QCD_HT50to100_TuneCP5_13TeV-madgraphML                
         M-pythia8/NANOAODSIM/PU2017_12Apr2018_Nano02Apr2020_102                
         X_mc2017_realistic_v8-v1/260000/71E762A7-1D6D-4648-9E51                
         -B4E93AA0CCDA.root'.                                                   
INFO     [TagSequence : __init__] Creating tag sequence with  tag_sequence.py:37
         the following tags and priority:                                       
INFO     [TagSequence : __init__] The 0-th tag set has        tag_sequence.py:59
         taggers ['diphoton_tagger'] (listed in order                           
         priority will be given).                                               
INFO     [TagSequence : __init__] The 1-th tag set has        tag_sequence.py:59
         taggers ['my_HHWW_Preselection'] (listed in order                      
         priority will be given).                                               
INFO     For all tags, performing selection on the following  tag_sequence.py:94
         sets of events, each corresponding to a separate                       
         independent collection.                                                
INFO             nominal                                      tag_sequence.py:96
DEBUG    [Tagger] : diphoton_tagger, syst variation : nominal, cut tagger.py:171
         type : photon, cut : pt, efficiency : 0.9833                           
DEBUG    [Tagger] : diphoton_tagger, syst variation : nominal, cut tagger.py:171
         type : photon, cut : eta, efficiency : 0.8249                          
DEBUG    [Tagger] : diphoton_tagger, syst variation : nominal, cut tagger.py:171
         type : photon, cut : e_veto, efficiency : 0.8273                       
DEBUG    [Tagger] : diphoton_tagger, syst variation : nominal, cut tagger.py:171
         type : photon, cut : r9, efficiency : 0.9880                           
DEBUG    [Tagger] : diphoton_tagger, syst variation : nominal, cut tagger.py:171
         type : photon, cut : hoe, efficiency : 0.5258                          
DEBUG    [Tagger] : diphoton_tagger, syst variation : nominal, cut tagger.py:171
         type : photon, cut : hlt, efficiency : 1.0000                          
DEBUG    [Tagger] : diphoton_tagger, syst variation : nominal, cut tagger.py:171
         type : photon, cut : all, efficiency : 0.2765                          
DEBUG    [Tagger] : diphoton_tagger, syst variation : nominal, cut tagger.py:171
         type : diphoton, cut : lead pt cut, efficiency : 0.0393                
DEBUG    [Tagger] : diphoton_tagger, syst variation : nominal, cut tagger.py:171
         type : diphoton, cut : lead pt mgg cut, efficiency :                   
         0.9270                                                                 
DEBUG    [Tagger] : diphoton_tagger, syst variation : nominal, cut tagger.py:171
         type : diphoton, cut : sublead pt mgg cut, efficiency :                
         0.9157                                                                 
DEBUG    [Tagger] : diphoton_tagger, syst variation : nominal, cut tagger.py:171
         type : diphoton, cut : mass cut, efficiency : 0.0070                   
DEBUG    [Tagger] : diphoton_tagger, syst variation : nominal, cut tagger.py:171
         type : diphoton, cut : all cuts, efficiency : 0.0000                   
DEBUG    [DiphotonTagger : produce_and_select_diphotons]  diphoton_tagger.py:190
         diphoton_tagger, selecting the highest pt_sum                          
         diphoton pair from each event.                                         
