Traceback (most recent call last):
  File "/eos/user/z/zhenxuan/hhwwgg/TTGJets_2017/job_21/TTGJets_2017_executable_job21.py", line 13, in <module>
    run_analysis(config)
  File "/afs/cern.ch/user/z/zhenxuan/HiggsDNA/higgs_dna/analysis.py", line 77, in run_analysis
    tag_sequence = TagSequence(
  File "/afs/cern.ch/user/z/zhenxuan/HiggsDNA/higgs_dna/taggers/tag_sequence.py", line 50, in __init__
    m_tagger = self.create_tagger(tagger)
  File "/afs/cern.ch/user/z/zhenxuan/HiggsDNA/higgs_dna/taggers/tag_sequence.py", line 63, in create_tagger
    module = importlib.import_module(config["module_name"])
  File "/eos/user/z/zhenxuan/higgs-dna/lib/python3.10/importlib/__init__.py", line 126, in import_module
    return _bootstrap._gcd_import(name[level:], package, level)
  File "<frozen importlib._bootstrap>", line 1050, in _gcd_import
  File "<frozen importlib._bootstrap>", line 1027, in _find_and_load
  File "<frozen importlib._bootstrap>", line 1006, in _find_and_load_unlocked
  File "<frozen importlib._bootstrap>", line 688, in _load_unlocked
  File "<frozen importlib._bootstrap_external>", line 883, in exec_module
  File "<frozen importlib._bootstrap>", line 241, in _call_with_frames_removed
  File "/afs/cern.ch/user/z/zhenxuan/HiggsDNA/higgs_dna/taggers/HHWW_Tagger.py", line 9, in <module>
    from matplotlib.pyplot import jet
  File "/eos/user/z/zhenxuan/higgs-dna/lib/python3.10/site-packages/matplotlib/__init__.py", line 109, in <module>
    from . import _api, _version, cbook, docstring, rcsetup
  File "/eos/user/z/zhenxuan/higgs-dna/lib/python3.10/site-packages/matplotlib/rcsetup.py", line 27, in <module>
    from matplotlib.colors import Colormap, is_color_like
  File "/eos/user/z/zhenxuan/higgs-dna/lib/python3.10/site-packages/matplotlib/colors.py", line 56, in <module>
    from matplotlib import _api, cbook, scale
  File "/eos/user/z/zhenxuan/higgs-dna/lib/python3.10/site-packages/matplotlib/scale.py", line 23, in <module>
    from matplotlib.ticker import (
  File "/eos/user/z/zhenxuan/higgs-dna/lib/python3.10/site-packages/matplotlib/ticker.py", line 136, in <module>
    from matplotlib import transforms as mtransforms
  File "/eos/user/z/zhenxuan/higgs-dna/lib/python3.10/site-packages/matplotlib/transforms.py", line 46, in <module>
    from matplotlib._path import (
ImportError: /eos/user/z/zhenxuan/higgs-dna/lib/python3.10/site-packages/matplotlib/_path.cpython-310-x86_64-linux-gnu.so: cannot read file data: Input/output error
