Traceback (most recent call last):
  File "/eos/user/z/zhenxuan/hhwwgg/GluGluToRadionToHHTo2G4Q_M350_2017/job_7/GluGluToRadionToHHTo2G4Q_M350_2017_executable_job7.py", line 4, in <module>
    from higgs_dna.analysis import run_analysis
  File "/afs/cern.ch/user/z/zhenxuan/HiggsDNA/higgs_dna/analysis.py", line 18, in <module>
    from higgs_dna.job_management.managers import LocalManager, CondorManager
  File "/afs/cern.ch/user/z/zhenxuan/HiggsDNA/higgs_dna/job_management/managers.py", line 22, in <module>
    import enlighten
  File "/eos/user/z/zhenxuan/higgs-dna/lib/python3.10/site-packages/enlighten/__init__.py", line 14, in <module>
    from enlighten.counter import Counter, StatusBar, SubCounter
  File "/eos/user/z/zhenxuan/higgs-dna/lib/python3.10/site-packages/enlighten/counter.py", line 19, in <module>
    from enlighten.manager import get_manager
  File "/eos/user/z/zhenxuan/higgs-dna/lib/python3.10/site-packages/enlighten/manager.py", line 21, in <module>
    from IPython import get_ipython
  File "/eos/user/z/zhenxuan/higgs-dna/lib/python3.10/site-packages/IPython/__init__.py", line 52, in <module>
    from .terminal.embed import embed
  File "/eos/user/z/zhenxuan/higgs-dna/lib/python3.10/site-packages/IPython/terminal/embed.py", line 16, in <module>
    from IPython.terminal.interactiveshell import TerminalInteractiveShell
  File "/eos/user/z/zhenxuan/higgs-dna/lib/python3.10/site-packages/IPython/terminal/interactiveshell.py", line 29, in <module>
    from prompt_toolkit.auto_suggest import AutoSuggestFromHistory
  File "/eos/user/z/zhenxuan/higgs-dna/lib/python3.10/site-packages/prompt_toolkit/__init__.py", line 16, in <module>
    from .application import Application
  File "/eos/user/z/zhenxuan/higgs-dna/lib/python3.10/site-packages/prompt_toolkit/application/__init__.py", line 1, in <module>
    from .application import Application
  File "/eos/user/z/zhenxuan/higgs-dna/lib/python3.10/site-packages/prompt_toolkit/application/application.py", line 41, in <module>
    from prompt_toolkit.buffer import Buffer
  File "/eos/user/z/zhenxuan/higgs-dna/lib/python3.10/site-packages/prompt_toolkit/buffer.py", line 36, in <module>
  File "/eos/user/z/zhenxuan/higgs-dna/lib/python3.10/site-packages/prompt_toolkit/completion/__init__.py", line 1, in <module>
    from .base import (
  File "/eos/user/z/zhenxuan/higgs-dna/lib/python3.10/site-packages/prompt_toolkit/completion/base.py", line 9, in <module>
    from prompt_toolkit.formatted_text import AnyFormattedText, StyleAndTextTuples
  File "/eos/user/z/zhenxuan/higgs-dna/lib/python3.10/site-packages/prompt_toolkit/formatted_text/__init__.py", line 13, in <module>
    from .ansi import ANSI
  File "/eos/user/z/zhenxuan/higgs-dna/lib/python3.10/site-packages/prompt_toolkit/formatted_text/ansi.py", line 3, in <module>
    from prompt_toolkit.output.vt100 import BG_ANSI_COLORS, FG_ANSI_COLORS
  File "/eos/user/z/zhenxuan/higgs-dna/lib/python3.10/site-packages/prompt_toolkit/output/__init__.py", line 3, in <module>
    from .defaults import create_output
  File "<frozen importlib._bootstrap>", line 1027, in _find_and_load
  File "<frozen importlib._bootstrap>", line 1006, in _find_and_load_unlocked
  File "<frozen importlib._bootstrap>", line 688, in _load_unlocked
  File "<frozen importlib._bootstrap_external>", line 879, in exec_module
  File "<frozen importlib._bootstrap_external>", line 1016, in get_code
  File "<frozen importlib._bootstrap_external>", line 1074, in get_data
OSError: [Errno 5] Input/output error
